#
# A fatal error has been detected by the Java Runtime Environment:
#
#  SIGSEGV (0xb) at pc=0x0000000105066ce5, pid=2759, tid=39939
#
# JRE version: OpenJDK Runtime Environment (25.0.2+10) (build 25.0.2+10-69)
# Java VM: OpenJDK 64-Bit Server VM (25.0.2+10-69, mixed mode, sharing, tiered, compressed oops, compressed class ptrs, g1 gc, bsd-amd64)
# Problematic frame:
# V  [libjvm.dylib+0x493ce5]  PhaseIdealLoop::Dominators()+0x755
#
# No core dump will be written. Core dumps have been disabled. To enable core dumping, try "ulimit -c unlimited" before starting Java again
#
# If you would like to submit a bug report, please visit:
#   https://bugreport.java.com/bugreport/crash.jsp
#

---------------  S U M M A R Y ------------

Command Line: -javaagent:/Applications/IntelliJ IDEA.app/Contents/lib/idea_rt.jar=49944 -Dfile.encoding=UTF-8 -Dsun.stdout.encoding=UTF-8 -Dsun.stderr.encoding=UTF-8 MainMenu

Host: "MacBookPro12,1" x86_64 3100 MHz, 4 cores, 16G, Darwin 21.6.0, macOS 12.7.6 (21H1320)
Time: Sat Jan 31 11:27:07 2026 GMT elapsed time: 3.654824 seconds (0d 0h 0m 3s)

---------------  T H R E A D  ---------------

Current thread (0x00007fd6cb042800):  JavaThread "C2 CompilerThread0" daemon [_thread_in_native, id=39939, stack(0x000070000154b000,0x000070000164b000) (1024K)]


Current CompileTask:
C2:3655 1585   !   4       com.sun.crypto.provider.PBKDF2KeyImpl::deriveKey (302 bytes)

Stack: [0x000070000154b000,0x000070000164b000],  sp=0x00007000016477e0,  free space=1009k
Native frames: (J=compiled Java code, j=interpreted, Vv=VM code, C=native code)
V  [libjvm.dylib+0x493ce5]  PhaseIdealLoop::Dominators()+0x755
V  [libjvm.dylib+0x87dc33]  PhaseIdealLoop::build_and_optimize()+0x303
V  [libjvm.dylib+0x3afd3e]  PhaseIdealLoop::optimize(PhaseIterGVN&, LoopOptsMode)+0x4e
V  [libjvm.dylib+0x3ab681]  Compile::Optimize()+0xc41
V  [libjvm.dylib+0x3a9b5a]  Compile::Compile(ciEnv*, ciMethod*, int, Options, DirectiveSet*)+0x10fa
V  [libjvm.dylib+0x2f5876]  C2Compiler::compile_method(ciEnv*, ciMethod*, int, bool, DirectiveSet*)+0x176
V  [libjvm.dylib+0x3bcdda]  CompileBroker::invoke_compiler_on_method(CompileTask*)+0x55a
V  [libjvm.dylib+0x3bc617]  CompileBroker::compiler_thread_loop()+0x3f7
V  [libjvm.dylib+0x602e3e]  JavaThread::thread_main_inner()+0x9e
V  [libjvm.dylib+0xb6bf98]  Thread::call_run()+0xa8
V  [libjvm.dylib+0x9a293f]  thread_native_entry(Thread*)+0x10f
C  [libsystem_pthread.dylib+0x64e1]  _pthread_start+0x7d
C  [libsystem_pthread.dylib+0x1f6b]  thread_start+0xf

siginfo: si_signo: 11 (SIGSEGV), si_code: 1 (SEGV_MAPERR), si_addr: 0x0000000400000897

Registers:
RAX=0x00007fd6cf1b2dd0, RBX=0x00007fd6cdfbe018, RCX=0x00007fd6cf1b2e70, RDX=0x00007fd6cf1b2ee8
RSP=0x00007000016477e0, RBP=0x00007000016478b0, RSI=0x0000000400000897, RDI=0x00007fd6cd15c8f8
R8 =0x00007fd6cdfbe000, R9 =0x0000000000000009, R10=0x0000000103896980, R11=0x0000000000000000
R12=0x0000000000000050, R13=0x00007fd6cf1c6068, R14=0x000000000000006e, R15=0x0000700001647a30
RIP=0x0000000105066ce5, EFLAGS=0x0000000000010202, ERR=0x0000000000000004
  TRAPNO=0x000000000000000e


Register to memory mapping:

RAX=0x00007fd6cf1b2dd0 points into unknown readable memory: 0x00007fd6cf1f0f98 | 98 0f 1f cf d6 7f 00 00
RBX=0x00007fd6cdfbe018 points into unknown readable memory: 0x0000000000000001 | 01 00 00 00 00 00 00 00
RCX=0x00007fd6cf1b2e70 points into unknown readable memory: 0x00007fd6cf204d18 | 18 4d 20 cf d6 7f 00 00
RDX=0x00007fd6cf1b2ee8 points into unknown readable memory: 0x0000005f00000000 | 00 00 00 00 5f 00 00 00
RSP=0x00007000016477e0 is pointing into the stack for thread: 0x00007fd6cb042800
RBP=0x00007000016478b0 is pointing into the stack for thread: 0x00007fd6cb042800
RSI=0x0000000400000897 is an unknown value
RDI=0x00007fd6cd15c8f8 points into unknown readable memory: 0x0000000105a407d8 | d8 07 a4 05 01 00 00 00
R8 =0x00007fd6cdfbe000 points into unknown readable memory: 0x00007fd6cf1c6000 | 00 60 1c cf d6 7f 00 00
R9 =0x0000000000000009 is an unknown value
R10=0x0000000103896980 points into unknown readable memory: 0x0000005600000000 | 00 00 00 00 56 00 00 00
R11=0x0 is null
R12=0x0000000000000050 is an unknown value
R13=0x00007fd6cf1c6068 points into unknown readable memory: 0x00007fd6cbb08998 | 98 89 b0 cb d6 7f 00 00
R14=0x000000000000006e is an unknown value
R15=0x0000700001647a30 is pointing into the stack for thread: 0x00007fd6cb042800

Top of Stack: (sp=0x00007000016477e0)
0x00007000016477e0:   0000020000000200 00007fd6cc249c40   ........@.$.....
0x00007000016477f0:   0000600000bf8720 0000000000008f00    ....`..........
0x0000700001647800:   00007fd6cdfc6f00 00007fd6cdfc6f00   .o.......o......
0x0000700001647810:   0000700001647870 0000000000000002   pxd..p..........
0x0000700001647820:   0000000000000003 0000600000bf8720   ........ ....`..
0x0000700001647830:   00000000000dbe60 0000000000000ee8   `...............
0x0000700001647840:   00007fd6cf1c61f8 00007fd6cc0ba2d8   .a..............
0x0000700001647850:   00007fd6cdf80018 00007fd6cdfbe000   ................
0x0000700001647860:   00007fd6cbb08aa8 00000ee800008ee8   ................
0x0000700001647870:   00007fd6cf1c60c0 00007fd6cf1c6018   .`.......`......
0x0000700001647880:   0000700001647a30 0000700001647a30   0zd..p..0zd..p..
0x0000700001647890:   0000000000000006 0000000000000000   ................
0x00007000016478a0:   0000000000000000 0000000000000004   ................
0x00007000016478b0:   0000700001647a20 0000000105450c33    zd..p..3.E.....
0x00007000016478c0:   0000000000000003 0000000000000001   ................
0x00007000016478d0:   0000700001647b90 00007fd6cc4935c8   .{d..p...5I.....
0x00007000016478e0:   00007fd6cc493580 0000000000000000   .5I.............
0x00007000016478f0:   0000700001647940 00000001051912e2   @yd..p..........
0x0000700001647900:   0000700001647940 0000000105192a5c   @yd..p..\*......
0x0000700001647910:   00007fd6cc4935c8 00007ff814698ee5   .5I.......i.....
0x0000700001647920:   00007ff855e28c04 0000000000000000   ...U............
0x0000700001647930:   00007fd6ce6d6000 0000000000000003   .`m.............
0x0000700001647940:   0000700001647960 00007ff8144fb765   `yd..p..e.O.....
0x0000700001647950:   00007fd6ce6d6000 0000000103896980   .`m......i......
0x0000700001647960:   00007000016479d0 00007ff8144fa079   .yd..p..y.O.....
0x0000700001647970:   0000000000000fff 0000000000000000   ................
0x0000700001647980:   0000000200000002 00007fd6cd0fcc88   ................
0x0000700001647990:   0000600000bf8720 00000000144ef163    ....`..c.N.....
0x00007000016479a0:   00007fd6ce6d6000 00000000cf1b0000   .`m.............
0x00007000016479b0:   00006000007e01e0 0000700001649be8   ..~..`....d..p..
0x00007000016479c0:   0000000000000003 00000000000a8248   ........H.......
0x00007000016479d0:   0000700001649be8 0000700001647a30   ..d..p..0zd..p..

Instructions: (pc=0x0000000105066ce5)
  0x0000000105066be5:   90 48 85 c0 74 55 48 8b 08 48 89 4d 98 48 8b 55
  0x0000000105066bf5:   d0 48 8b 52 10 48 3b 8a 00 03 00 00 74 ad 8b 51
  0x0000000105066c05:   2c 83 e2 3f 83 fa 20 75 a2 83 79 18 02 75 9c 48
  0x0000000105066c15:   8b 45 d0 48 8b 48 38 48 89 df 4c 89 f6 4c 89 fa
  0x0000000105066c25:   e8 66 f8 ff ff 48 8b 4d 98 48 8b 45 90 e9 79 ff
  0x0000000105066c35:   ff ff 66 0f 1f 84 00 00 00 00 00 48 8b 4d d0 48
  0x0000000105066c45:   8b 41 10 48 8b 89 e8 00 00 00 48 8b 80 00 03 00
  0x0000000105066c55:   00 8b 40 28 48 c7 04 c1 00 00 00 00 48 83 c3 50
  0x0000000105066c65:   49 ff cd 0f 85 70 ff ff ff 4c 8b 6d c8 4d 01 e5
  0x0000000105066c75:   4c 8b 7d d0 49 8b 47 10 49 8b 9f f0 00 00 00 8b
  0x0000000105066c85:   b8 70 02 00 00 ff c7 48 c1 e7 03 45 31 f6 31 f6
  0x0000000105066c95:   e8 26 8d 59 00 4c 89 28 48 89 c1 48 83 c1 08 48
  0x0000000105066ca5:   89 ca 4c 8b 45 a8 66 0f 6f 85 50 ff ff ff eb 13
  0x0000000105066cb5:   66 66 2e 0f 1f 84 00 00 00 00 00 48 39 d1 48 89
  0x0000000105066cc5:   d1 73 3d 41 ff c6 eb 0c 0f 1f 00 48 83 c0 08 48
  0x0000000105066cd5:   39 c8 73 e7 48 8b 30 eb 07 66 90 48 85 f6 74 eb
=>0x0000000105066ce5:   48 8b 3e 8b 7f 28 44 89 34 bb 48 8b 7e 40 48 8b
  0x0000000105066cf5:   76 48 48 85 ff 74 e4 48 89 3a 48 83 c2 08 eb db
  0x0000000105066d05:   49 8b 47 10 49 8b 8f e8 00 00 00 48 8b 90 00 03
  0x0000000105066d15:   00 00 48 8b 80 08 03 00 00 8b 40 28 48 89 14 c1
  0x0000000105066d25:   49 8b 47 10 49 8b 8f f0 00 00 00 48 8b 80 08 03
  0x0000000105066d35:   00 00 8b 40 28 c7 04 81 01 00 00 00 49 83 38 00
  0x0000000105066d45:   48 8b 9d 78 ff ff ff 74 1f 4d 89 c6 48 89 df 48
  0x0000000105066d55:   8b 75 80 e8 13 b2 d0 ff 4c 89 f7 e8 eb b0 d0 ff
  0x0000000105066d65:   66 0f 6f 85 50 ff ff ff 66 48 0f 7e c0 48 39 43
  0x0000000105066d75:   20 74 0d 48 8b 45 a8 48 89 43 18 f3 0f 7f 43 20
  0x0000000105066d85:   48 81 c4 a8 00 00 00 5b 41 5c 41 5d 41 5e 41 5f
  0x0000000105066d95:   5d c3 48 8d 3d 9d 88 82 00 48 8d 15 cd 7c 83 00
  0x0000000105066da5:   48 8d 0d e5 7c 83 00 be 05 04 00 00 31 c0 e8 78
  0x0000000105066db5:   85 f6 ff 0f 1f 84 00 00 00 00 00 55 48 89 e5 41
  0x0000000105066dc5:   57 41 56 41 55 41 54 53 48 83 ec 48 49 89 ce 49
  0x0000000105066dd5:   89 d7 48 89 75 c8 48 89 7d 98 48 8b 42 10 8b 98


Stack slot to memory mapping:

stack at sp + 0 slots: 0x0000020000000200 is an unknown value
stack at sp + 1 slots: 0x00007fd6cc249c40 points into unknown readable memory: 0xfffffffffffffffd | fd ff ff ff ff ff ff ff
stack at sp + 2 slots: 0x0000600000bf8720 points into unknown readable memory: 0x0000000000000007 | 07 00 00 00 00 00 00 00
stack at sp + 3 slots: 0x0000000000008f00 is an unknown value
stack at sp + 4 slots: 0x00007fd6cdfc6f00 points into unknown readable memory: 0x0000000000000000 | 00 00 00 00 00 00 00 00
stack at sp + 5 slots: 0x00007fd6cdfc6f00 points into unknown readable memory: 0x0000000000000000 | 00 00 00 00 00 00 00 00
stack at sp + 6 slots: 0x0000700001647870 is pointing into the stack for thread: 0x00007fd6cb042800
stack at sp + 7 slots: 0x0000000000000002 is an unknown value

Lock stack of current Java thread (top to bottom):


---------------  P R O C E S S  ---------------

Threads class SMR info:
_java_thread_list=0x00006000005e9ba0, length=19, elements={
0x00007fd6cb03e600, 0x00007fd6cb03c800, 0x00007fd6cb03d000, 0x00007fd6cc03a400,
0x00007fd6cb03d800, 0x00007fd6cb042800, 0x00007fd6cd024400, 0x00007fd6cb0d5a00,
0x00007fd6cd02e600, 0x00007fd6cc039c00, 0x00007fd6cc859200, 0x00007fd6cd202000,
0x00007fd6cb1de000, 0x00007fd6cc999e00, 0x00007fd6cb1f7600, 0x00007fd6cd225800,
0x00007fd6cb369c00, 0x00007fd6ccb85c00, 0x00007fd6ccb4b200
}

Java Threads: ( => current thread )
  0x00007fd6cb03e600 JavaThread "Reference Handler"          daemon [_thread_blocked, id=40451, stack(0x000070000103c000,0x000070000113c000) (1024K)]
  0x00007fd6cb03c800 JavaThread "Finalizer"                  daemon [_thread_blocked, id=24835, stack(0x000070000113f000,0x000070000123f000) (1024K)]
  0x00007fd6cb03d000 JavaThread "Signal Dispatcher"          daemon [_thread_blocked, id=25347, stack(0x0000700001242000,0x0000700001342000) (1024K)]
  0x00007fd6cc03a400 JavaThread "Service Thread"             daemon [_thread_blocked, id=40195, stack(0x0000700001345000,0x0000700001445000) (1024K)]
  0x00007fd6cb03d800 JavaThread "Monitor Deflation Thread"   daemon [_thread_blocked, id=26115, stack(0x0000700001448000,0x0000700001548000) (1024K)]
=>0x00007fd6cb042800 JavaThread "C2 CompilerThread0"         daemon [_thread_in_native, id=39939, stack(0x000070000154b000,0x000070000164b000) (1024K)]
  0x00007fd6cd024400 JavaThread "C1 CompilerThread0"         daemon [_thread_in_vm, id=26883, stack(0x000070000164e000,0x000070000174e000) (1024K)]
  0x00007fd6cb0d5a00 JavaThread "Common-Cleaner"             daemon [_thread_blocked, id=39683, stack(0x0000700001751000,0x0000700001851000) (1024K)]
  0x00007fd6cd02e600 JavaThread "Monitor Ctrl-Break"         daemon [_thread_in_native, id=39171, stack(0x0000700001854000,0x0000700001954000) (1024K)]
  0x00007fd6cc039c00 JavaThread "Notification Thread"        daemon [_thread_blocked, id=38915, stack(0x0000700001957000,0x0000700001a57000) (1024K)]
  0x00007fd6cc859200 JavaThread "AppKit Thread"              daemon [_thread_in_native, id=259, stack(0x00007ff7bbf7d000,0x00007ff7bc77d000) (8192K)]
  0x00007fd6cd202000 JavaThread "Java2D Queue Flusher"       daemon [_thread_blocked, id=56071, stack(0x0000700001dec000,0x0000700001eec000) (1024K)]
  0x00007fd6cb1de000 JavaThread "Java2D Disposer"            daemon [_thread_blocked, id=74755, stack(0x0000700001eef000,0x0000700001fef000) (1024K)]
  0x00007fd6cc999e00 JavaThread "PostgreSQL-JDBC-Cleaner"    daemon [_thread_blocked, id=44551, stack(0x0000700001add000,0x0000700001bdd000) (1024K)]
  0x00007fd6cb1f7600 JavaThread "AWT-Shutdown"                      [_thread_blocked, id=60939, stack(0x00007000020f5000,0x00007000021f5000) (1024K)]
  0x00007fd6cd225800 JavaThread "AWT-EventQueue-0"                  [_thread_in_Java, id=60683, stack(0x00007000021f8000,0x00007000022f8000) (1024K)]
  0x00007fd6cb369c00 JavaThread "TimerQueue"                 daemon [_thread_blocked, id=68099, stack(0x00007000022fb000,0x00007000023fb000) (1024K)]
  0x00007fd6ccb85c00 JavaThread "C2 CompilerThread1"         daemon [_thread_blocked, id=67587, stack(0x00007000023fe000,0x00007000024fe000) (1024K)]
  0x00007fd6ccb4b200 JavaThread "DestroyJavaVM"                     [_thread_blocked, id=6403, stack(0x000070000071e000,0x000070000081e000) (1024K)]
Total: 19

Other Threads:
  0x00007fd6cb037400 VMThread "VM Thread"                           [id=16643, stack(0x0000700000e33000,0x0000700000f33000) (1024K)]
  0x00007fd6cbb06290 WatcherThread "VM Periodic Task Thread"        [id=14599, stack(0x0000700000d30000,0x0000700000e30000) (1024K)]
  0x00007fd6cc01ae00 WorkerThread "GC Thread#0"                     [id=20227, stack(0x0000700000821000,0x0000700000921000) (1024K)]
  0x00007fd6cc033c00 ConcurrentGCThread "G1 Main Marker"            [id=19715, stack(0x0000700000924000,0x0000700000a24000) (1024K)]
  0x00007fd6cb009e00 WorkerThread "G1 Conc#0"                       [id=19459, stack(0x0000700000a27000,0x0000700000b27000) (1024K)]
  0x00007fd6cb00a400 ConcurrentGCThread "G1 Refine#0"               [id=19203, stack(0x0000700000b2a000,0x0000700000c2a000) (1024K)]
  0x00007fd6cb00aa00 ConcurrentGCThread "G1 Service"                [id=18947, stack(0x0000700000c2d000,0x0000700000d2d000) (1024K)]
Total: 7

Threads with active compile tasks:
C2 CompilerThread0  3713 1585   !   4       com.sun.crypto.provider.PBKDF2KeyImpl::deriveKey (302 bytes)
Total: 1

VM state: not at safepoint (normal execution)

VM Mutex/Monitor currently owned by a thread: None

Heap address: 0x0000000700000000, size: 4096 MB, Compressed Oops mode: Zero based, Oop shift amount: 3

CDS archive(s) mapped at: [0x0000000126000000-0x0000000126d94000-0x0000000126d94000), size 14237696, SharedBaseAddress: 0x0000000126000000, ArchiveRelocationMode: 1.
Compressed class space mapped at: 0x0000000127000000-0x0000000167000000, reserved size: 1073741824
UseCompressedClassPointers 1, UseCompactObjectHeaders 0
Narrow klass pointer bits 32, Max shift 3
Narrow klass base: 0x0000000126000000, Narrow klass shift: 0
Encoding Range: [0x0000000126000000 - 0x0000000226000000), (4294967296 bytes)
Klass Range:    [0x0000000126004000 - 0x0000000167000000), (1090502656 bytes)
Klass ID Range:  [16384 - 1090519033) (1090502649)
Protection zone: [0x0000000126000000 - 0x0000000126004000), (16384 bytes)

GC Precious Log:
 CardTable entry size: 512
 Card Set container configuration: InlinePtr #cards 4 size 8 Array Of Cards #cards 16 size 48 Howl #buckets 8 coarsen threshold 3686 Howl Bitmap #cards 512 size 80 coarsen threshold 460 Card regions per heap region 1 cards per card region 4096
 CPUs: 4 total, 4 available
 Memory: 16384M
 Large Page Support: Disabled
 NUMA Support: Disabled
 Compressed Oops: Enabled (Zero based)
 Heap Region Size: 2M
 Heap Min Capacity: 8M
 Heap Initial Capacity: 256M
 Heap Max Capacity: 4G
 Pre-touch: Disabled
 Parallel Workers: 4
 Concurrent Workers: 1
 Concurrent Refinement Workers: 4
 Periodic GC: Disabled

Heap:
 garbage-first heap   total reserved 4194304K, committed 264192K, used 23678K [0x0000000700000000, 0x0000000800000000)
  region size 2048K, 13 young (26624K), 0 survivors (0K)

Heap Regions: E=young(eden), S=young(survivor), O=old, HS=humongous(starts), HC=humongous(continues), CS=collection set, F=free, TAMS=top-at-mark-start, PB=parsable bottom
|   0|0x0000000700000000, 0x0000000700000000, 0x0000000700200000|  0%| F|  |TAMS 0x0000000700000000| PB 0x0000000700000000| Untracked |  0
|   1|0x0000000700200000, 0x0000000700200000, 0x0000000700400000|  0%| F|  |TAMS 0x0000000700200000| PB 0x0000000700200000| Untracked |  0
|   2|0x0000000700400000, 0x0000000700400000, 0x0000000700600000|  0%| F|  |TAMS 0x0000000700400000| PB 0x0000000700400000| Untracked |  0
|   3|0x0000000700600000, 0x0000000700600000, 0x0000000700800000|  0%| F|  |TAMS 0x0000000700600000| PB 0x0000000700600000| Untracked |  0
|   4|0x0000000700800000, 0x0000000700800000, 0x0000000700a00000|  0%| F|  |TAMS 0x0000000700800000| PB 0x0000000700800000| Untracked |  0
|   5|0x0000000700a00000, 0x0000000700a00000, 0x0000000700c00000|  0%| F|  |TAMS 0x0000000700a00000| PB 0x0000000700a00000| Untracked |  0
|   6|0x0000000700c00000, 0x0000000700c00000, 0x0000000700e00000|  0%| F|  |TAMS 0x0000000700c00000| PB 0x0000000700c00000| Untracked |  0
|   7|0x0000000700e00000, 0x0000000700e00000, 0x0000000701000000|  0%| F|  |TAMS 0x0000000700e00000| PB 0x0000000700e00000| Untracked |  0
|   8|0x0000000701000000, 0x0000000701000000, 0x0000000701200000|  0%| F|  |TAMS 0x0000000701000000| PB 0x0000000701000000| Untracked |  0
|   9|0x0000000701200000, 0x0000000701200000, 0x0000000701400000|  0%| F|  |TAMS 0x0000000701200000| PB 0x0000000701200000| Untracked |  0
|  10|0x0000000701400000, 0x0000000701400000, 0x0000000701600000|  0%| F|  |TAMS 0x0000000701400000| PB 0x0000000701400000| Untracked |  0
|  11|0x0000000701600000, 0x0000000701600000, 0x0000000701800000|  0%| F|  |TAMS 0x0000000701600000| PB 0x0000000701600000| Untracked |  0
|  12|0x0000000701800000, 0x0000000701800000, 0x0000000701a00000|  0%| F|  |TAMS 0x0000000701800000| PB 0x0000000701800000| Untracked |  0
|  13|0x0000000701a00000, 0x0000000701a00000, 0x0000000701c00000|  0%| F|  |TAMS 0x0000000701a00000| PB 0x0000000701a00000| Untracked |  0
|  14|0x0000000701c00000, 0x0000000701c00000, 0x0000000701e00000|  0%| F|  |TAMS 0x0000000701c00000| PB 0x0000000701c00000| Untracked |  0
|  15|0x0000000701e00000, 0x0000000701e00000, 0x0000000702000000|  0%| F|  |TAMS 0x0000000701e00000| PB 0x0000000701e00000| Untracked |  0
|  16|0x0000000702000000, 0x0000000702000000, 0x0000000702200000|  0%| F|  |TAMS 0x0000000702000000| PB 0x0000000702000000| Untracked |  0
|  17|0x0000000702200000, 0x0000000702200000, 0x0000000702400000|  0%| F|  |TAMS 0x0000000702200000| PB 0x0000000702200000| Untracked |  0
|  18|0x0000000702400000, 0x0000000702400000, 0x0000000702600000|  0%| F|  |TAMS 0x0000000702400000| PB 0x0000000702400000| Untracked |  0
|  19|0x0000000702600000, 0x0000000702600000, 0x0000000702800000|  0%| F|  |TAMS 0x0000000702600000| PB 0x0000000702600000| Untracked |  0
|  20|0x0000000702800000, 0x0000000702800000, 0x0000000702a00000|  0%| F|  |TAMS 0x0000000702800000| PB 0x0000000702800000| Untracked |  0
|  21|0x0000000702a00000, 0x0000000702a00000, 0x0000000702c00000|  0%| F|  |TAMS 0x0000000702a00000| PB 0x0000000702a00000| Untracked |  0
|  22|0x0000000702c00000, 0x0000000702c00000, 0x0000000702e00000|  0%| F|  |TAMS 0x0000000702c00000| PB 0x0000000702c00000| Untracked |  0
|  23|0x0000000702e00000, 0x0000000702e00000, 0x0000000703000000|  0%| F|  |TAMS 0x0000000702e00000| PB 0x0000000702e00000| Untracked |  0
|  24|0x0000000703000000, 0x0000000703000000, 0x0000000703200000|  0%| F|  |TAMS 0x0000000703000000| PB 0x0000000703000000| Untracked |  0
|  25|0x0000000703200000, 0x0000000703200000, 0x0000000703400000|  0%| F|  |TAMS 0x0000000703200000| PB 0x0000000703200000| Untracked |  0
|  26|0x0000000703400000, 0x0000000703400000, 0x0000000703600000|  0%| F|  |TAMS 0x0000000703400000| PB 0x0000000703400000| Untracked |  0
|  27|0x0000000703600000, 0x0000000703600000, 0x0000000703800000|  0%| F|  |TAMS 0x0000000703600000| PB 0x0000000703600000| Untracked |  0
|  28|0x0000000703800000, 0x0000000703800000, 0x0000000703a00000|  0%| F|  |TAMS 0x0000000703800000| PB 0x0000000703800000| Untracked |  0
|  29|0x0000000703a00000, 0x0000000703a00000, 0x0000000703c00000|  0%| F|  |TAMS 0x0000000703a00000| PB 0x0000000703a00000| Untracked |  0
|  30|0x0000000703c00000, 0x0000000703c00000, 0x0000000703e00000|  0%| F|  |TAMS 0x0000000703c00000| PB 0x0000000703c00000| Untracked |  0
|  31|0x0000000703e00000, 0x0000000703e00000, 0x0000000704000000|  0%| F|  |TAMS 0x0000000703e00000| PB 0x0000000703e00000| Untracked |  0
|  32|0x0000000704000000, 0x0000000704000000, 0x0000000704200000|  0%| F|  |TAMS 0x0000000704000000| PB 0x0000000704000000| Untracked |  0
|  33|0x0000000704200000, 0x0000000704200000, 0x0000000704400000|  0%| F|  |TAMS 0x0000000704200000| PB 0x0000000704200000| Untracked |  0
|  34|0x0000000704400000, 0x0000000704400000, 0x0000000704600000|  0%| F|  |TAMS 0x0000000704400000| PB 0x0000000704400000| Untracked |  0
|  35|0x0000000704600000, 0x0000000704600000, 0x0000000704800000|  0%| F|  |TAMS 0x0000000704600000| PB 0x0000000704600000| Untracked |  0
|  36|0x0000000704800000, 0x0000000704800000, 0x0000000704a00000|  0%| F|  |TAMS 0x0000000704800000| PB 0x0000000704800000| Untracked |  0
|  37|0x0000000704a00000, 0x0000000704a00000, 0x0000000704c00000|  0%| F|  |TAMS 0x0000000704a00000| PB 0x0000000704a00000| Untracked |  0
|  38|0x0000000704c00000, 0x0000000704c00000, 0x0000000704e00000|  0%| F|  |TAMS 0x0000000704c00000| PB 0x0000000704c00000| Untracked |  0
|  39|0x0000000704e00000, 0x0000000704e00000, 0x0000000705000000|  0%| F|  |TAMS 0x0000000704e00000| PB 0x0000000704e00000| Untracked |  0
|  40|0x0000000705000000, 0x0000000705000000, 0x0000000705200000|  0%| F|  |TAMS 0x0000000705000000| PB 0x0000000705000000| Untracked |  0
|  41|0x0000000705200000, 0x0000000705200000, 0x0000000705400000|  0%| F|  |TAMS 0x0000000705200000| PB 0x0000000705200000| Untracked |  0
|  42|0x0000000705400000, 0x0000000705400000, 0x0000000705600000|  0%| F|  |TAMS 0x0000000705400000| PB 0x0000000705400000| Untracked |  0
|  43|0x0000000705600000, 0x0000000705600000, 0x0000000705800000|  0%| F|  |TAMS 0x0000000705600000| PB 0x0000000705600000| Untracked |  0
|  44|0x0000000705800000, 0x0000000705800000, 0x0000000705a00000|  0%| F|  |TAMS 0x0000000705800000| PB 0x0000000705800000| Untracked |  0
|  45|0x0000000705a00000, 0x0000000705a00000, 0x0000000705c00000|  0%| F|  |TAMS 0x0000000705a00000| PB 0x0000000705a00000| Untracked |  0
|  46|0x0000000705c00000, 0x0000000705c00000, 0x0000000705e00000|  0%| F|  |TAMS 0x0000000705c00000| PB 0x0000000705c00000| Untracked |  0
|  47|0x0000000705e00000, 0x0000000705e00000, 0x0000000706000000|  0%| F|  |TAMS 0x0000000705e00000| PB 0x0000000705e00000| Untracked |  0
|  48|0x0000000706000000, 0x0000000706000000, 0x0000000706200000|  0%| F|  |TAMS 0x0000000706000000| PB 0x0000000706000000| Untracked |  0
|  49|0x0000000706200000, 0x0000000706200000, 0x0000000706400000|  0%| F|  |TAMS 0x0000000706200000| PB 0x0000000706200000| Untracked |  0
|  50|0x0000000706400000, 0x0000000706400000, 0x0000000706600000|  0%| F|  |TAMS 0x0000000706400000| PB 0x0000000706400000| Untracked |  0
|  51|0x0000000706600000, 0x0000000706600000, 0x0000000706800000|  0%| F|  |TAMS 0x0000000706600000| PB 0x0000000706600000| Untracked |  0
|  52|0x0000000706800000, 0x0000000706800000, 0x0000000706a00000|  0%| F|  |TAMS 0x0000000706800000| PB 0x0000000706800000| Untracked |  0
|  53|0x0000000706a00000, 0x0000000706a00000, 0x0000000706c00000|  0%| F|  |TAMS 0x0000000706a00000| PB 0x0000000706a00000| Untracked |  0
|  54|0x0000000706c00000, 0x0000000706c00000, 0x0000000706e00000|  0%| F|  |TAMS 0x0000000706c00000| PB 0x0000000706c00000| Untracked |  0
|  55|0x0000000706e00000, 0x0000000706e00000, 0x0000000707000000|  0%| F|  |TAMS 0x0000000706e00000| PB 0x0000000706e00000| Untracked |  0
|  56|0x0000000707000000, 0x0000000707000000, 0x0000000707200000|  0%| F|  |TAMS 0x0000000707000000| PB 0x0000000707000000| Untracked |  0
|  57|0x0000000707200000, 0x0000000707200000, 0x0000000707400000|  0%| F|  |TAMS 0x0000000707200000| PB 0x0000000707200000| Untracked |  0
|  58|0x0000000707400000, 0x0000000707400000, 0x0000000707600000|  0%| F|  |TAMS 0x0000000707400000| PB 0x0000000707400000| Untracked |  0
|  59|0x0000000707600000, 0x0000000707600000, 0x0000000707800000|  0%| F|  |TAMS 0x0000000707600000| PB 0x0000000707600000| Untracked |  0
|  60|0x0000000707800000, 0x0000000707800000, 0x0000000707a00000|  0%| F|  |TAMS 0x0000000707800000| PB 0x0000000707800000| Untracked |  0
|  61|0x0000000707a00000, 0x0000000707a00000, 0x0000000707c00000|  0%| F|  |TAMS 0x0000000707a00000| PB 0x0000000707a00000| Untracked |  0
|  62|0x0000000707c00000, 0x0000000707c00000, 0x0000000707e00000|  0%| F|  |TAMS 0x0000000707c00000| PB 0x0000000707c00000| Untracked |  0
|  63|0x0000000707e00000, 0x0000000707e00000, 0x0000000708000000|  0%| F|  |TAMS 0x0000000707e00000| PB 0x0000000707e00000| Untracked |  0
|  64|0x0000000708000000, 0x0000000708000000, 0x0000000708200000|  0%| F|  |TAMS 0x0000000708000000| PB 0x0000000708000000| Untracked |  0
|  65|0x0000000708200000, 0x0000000708200000, 0x0000000708400000|  0%| F|  |TAMS 0x0000000708200000| PB 0x0000000708200000| Untracked |  0
|  66|0x0000000708400000, 0x0000000708400000, 0x0000000708600000|  0%| F|  |TAMS 0x0000000708400000| PB 0x0000000708400000| Untracked |  0
|  67|0x0000000708600000, 0x0000000708600000, 0x0000000708800000|  0%| F|  |TAMS 0x0000000708600000| PB 0x0000000708600000| Untracked |  0
|  68|0x0000000708800000, 0x0000000708800000, 0x0000000708a00000|  0%| F|  |TAMS 0x0000000708800000| PB 0x0000000708800000| Untracked |  0
|  69|0x0000000708a00000, 0x0000000708a00000, 0x0000000708c00000|  0%| F|  |TAMS 0x0000000708a00000| PB 0x0000000708a00000| Untracked |  0
|  70|0x0000000708c00000, 0x0000000708c00000, 0x0000000708e00000|  0%| F|  |TAMS 0x0000000708c00000| PB 0x0000000708c00000| Untracked |  0
|  71|0x0000000708e00000, 0x0000000708e00000, 0x0000000709000000|  0%| F|  |TAMS 0x0000000708e00000| PB 0x0000000708e00000| Untracked |  0
|  72|0x0000000709000000, 0x0000000709000000, 0x0000000709200000|  0%| F|  |TAMS 0x0000000709000000| PB 0x0000000709000000| Untracked |  0
|  73|0x0000000709200000, 0x0000000709200000, 0x0000000709400000|  0%| F|  |TAMS 0x0000000709200000| PB 0x0000000709200000| Untracked |  0
|  74|0x0000000709400000, 0x0000000709400000, 0x0000000709600000|  0%| F|  |TAMS 0x0000000709400000| PB 0x0000000709400000| Untracked |  0
|  75|0x0000000709600000, 0x0000000709600000, 0x0000000709800000|  0%| F|  |TAMS 0x0000000709600000| PB 0x0000000709600000| Untracked |  0
|  76|0x0000000709800000, 0x0000000709800000, 0x0000000709a00000|  0%| F|  |TAMS 0x0000000709800000| PB 0x0000000709800000| Untracked |  0
|  77|0x0000000709a00000, 0x0000000709a00000, 0x0000000709c00000|  0%| F|  |TAMS 0x0000000709a00000| PB 0x0000000709a00000| Untracked |  0
|  78|0x0000000709c00000, 0x0000000709c00000, 0x0000000709e00000|  0%| F|  |TAMS 0x0000000709c00000| PB 0x0000000709c00000| Untracked |  0
|  79|0x0000000709e00000, 0x0000000709e00000, 0x000000070a000000|  0%| F|  |TAMS 0x0000000709e00000| PB 0x0000000709e00000| Untracked |  0
|  80|0x000000070a000000, 0x000000070a000000, 0x000000070a200000|  0%| F|  |TAMS 0x000000070a000000| PB 0x000000070a000000| Untracked |  0
|  81|0x000000070a200000, 0x000000070a200000, 0x000000070a400000|  0%| F|  |TAMS 0x000000070a200000| PB 0x000000070a200000| Untracked |  0
|  82|0x000000070a400000, 0x000000070a400000, 0x000000070a600000|  0%| F|  |TAMS 0x000000070a400000| PB 0x000000070a400000| Untracked |  0
|  83|0x000000070a600000, 0x000000070a600000, 0x000000070a800000|  0%| F|  |TAMS 0x000000070a600000| PB 0x000000070a600000| Untracked |  0
|  84|0x000000070a800000, 0x000000070a800000, 0x000000070aa00000|  0%| F|  |TAMS 0x000000070a800000| PB 0x000000070a800000| Untracked |  0
|  85|0x000000070aa00000, 0x000000070aa00000, 0x000000070ac00000|  0%| F|  |TAMS 0x000000070aa00000| PB 0x000000070aa00000| Untracked |  0
|  86|0x000000070ac00000, 0x000000070ac00000, 0x000000070ae00000|  0%| F|  |TAMS 0x000000070ac00000| PB 0x000000070ac00000| Untracked |  0
|  87|0x000000070ae00000, 0x000000070ae00000, 0x000000070b000000|  0%| F|  |TAMS 0x000000070ae00000| PB 0x000000070ae00000| Untracked |  0
|  88|0x000000070b000000, 0x000000070b000000, 0x000000070b200000|  0%| F|  |TAMS 0x000000070b000000| PB 0x000000070b000000| Untracked |  0
|  89|0x000000070b200000, 0x000000070b200000, 0x000000070b400000|  0%| F|  |TAMS 0x000000070b200000| PB 0x000000070b200000| Untracked |  0
|  90|0x000000070b400000, 0x000000070b400000, 0x000000070b600000|  0%| F|  |TAMS 0x000000070b400000| PB 0x000000070b400000| Untracked |  0
|  91|0x000000070b600000, 0x000000070b600000, 0x000000070b800000|  0%| F|  |TAMS 0x000000070b600000| PB 0x000000070b600000| Untracked |  0
|  92|0x000000070b800000, 0x000000070b800000, 0x000000070ba00000|  0%| F|  |TAMS 0x000000070b800000| PB 0x000000070b800000| Untracked |  0
|  93|0x000000070ba00000, 0x000000070ba00000, 0x000000070bc00000|  0%| F|  |TAMS 0x000000070ba00000| PB 0x000000070ba00000| Untracked |  0
|  94|0x000000070bc00000, 0x000000070bc00000, 0x000000070be00000|  0%| F|  |TAMS 0x000000070bc00000| PB 0x000000070bc00000| Untracked |  0
|  95|0x000000070be00000, 0x000000070be00000, 0x000000070c000000|  0%| F|  |TAMS 0x000000070be00000| PB 0x000000070be00000| Untracked |  0
|  96|0x000000070c000000, 0x000000070c000000, 0x000000070c200000|  0%| F|  |TAMS 0x000000070c000000| PB 0x000000070c000000| Untracked |  0
|  97|0x000000070c200000, 0x000000070c200000, 0x000000070c400000|  0%| F|  |TAMS 0x000000070c200000| PB 0x000000070c200000| Untracked |  0
|  98|0x000000070c400000, 0x000000070c400000, 0x000000070c600000|  0%| F|  |TAMS 0x000000070c400000| PB 0x000000070c400000| Untracked |  0
|  99|0x000000070c600000, 0x000000070c600000, 0x000000070c800000|  0%| F|  |TAMS 0x000000070c600000| PB 0x000000070c600000| Untracked |  0
| 100|0x000000070c800000, 0x000000070c800000, 0x000000070ca00000|  0%| F|  |TAMS 0x000000070c800000| PB 0x000000070c800000| Untracked |  0
| 101|0x000000070ca00000, 0x000000070ca00000, 0x000000070cc00000|  0%| F|  |TAMS 0x000000070ca00000| PB 0x000000070ca00000| Untracked |  0
| 102|0x000000070cc00000, 0x000000070cc00000, 0x000000070ce00000|  0%| F|  |TAMS 0x000000070cc00000| PB 0x000000070cc00000| Untracked |  0
| 103|0x000000070ce00000, 0x000000070ce00000, 0x000000070d000000|  0%| F|  |TAMS 0x000000070ce00000| PB 0x000000070ce00000| Untracked |  0
| 104|0x000000070d000000, 0x000000070d000000, 0x000000070d200000|  0%| F|  |TAMS 0x000000070d000000| PB 0x000000070d000000| Untracked |  0
| 105|0x000000070d200000, 0x000000070d200000, 0x000000070d400000|  0%| F|  |TAMS 0x000000070d200000| PB 0x000000070d200000| Untracked |  0
| 106|0x000000070d400000, 0x000000070d400000, 0x000000070d600000|  0%| F|  |TAMS 0x000000070d400000| PB 0x000000070d400000| Untracked |  0
| 107|0x000000070d600000, 0x000000070d600000, 0x000000070d800000|  0%| F|  |TAMS 0x000000070d600000| PB 0x000000070d600000| Untracked |  0
| 108|0x000000070d800000, 0x000000070d800000, 0x000000070da00000|  0%| F|  |TAMS 0x000000070d800000| PB 0x000000070d800000| Untracked |  0
| 109|0x000000070da00000, 0x000000070da00000, 0x000000070dc00000|  0%| F|  |TAMS 0x000000070da00000| PB 0x000000070da00000| Untracked |  0
| 110|0x000000070dc00000, 0x000000070dc00000, 0x000000070de00000|  0%| F|  |TAMS 0x000000070dc00000| PB 0x000000070dc00000| Untracked |  0
| 111|0x000000070de00000, 0x000000070de00000, 0x000000070e000000|  0%| F|  |TAMS 0x000000070de00000| PB 0x000000070de00000| Untracked |  0
| 112|0x000000070e000000, 0x000000070e000000, 0x000000070e200000|  0%| F|  |TAMS 0x000000070e000000| PB 0x000000070e000000| Untracked |  0
| 113|0x000000070e200000, 0x000000070e200000, 0x000000070e400000|  0%| F|  |TAMS 0x000000070e200000| PB 0x000000070e200000| Untracked |  0
| 114|0x000000070e400000, 0x000000070e400000, 0x000000070e600000|  0%| F|  |TAMS 0x000000070e400000| PB 0x000000070e400000| Untracked |  0
| 115|0x000000070e600000, 0x000000070e7e3f20, 0x000000070e800000| 94%| E|  |TAMS 0x000000070e600000| PB 0x000000070e600000| Complete |  0
| 116|0x000000070e800000, 0x000000070ea00000, 0x000000070ea00000|100%| E|  |TAMS 0x000000070e800000| PB 0x000000070e800000| Complete |  0
| 117|0x000000070ea00000, 0x000000070ec00000, 0x000000070ec00000|100%| E|CS|TAMS 0x000000070ea00000| PB 0x000000070ea00000| Complete |  0
| 118|0x000000070ec00000, 0x000000070ee00000, 0x000000070ee00000|100%| E|CS|TAMS 0x000000070ec00000| PB 0x000000070ec00000| Complete |  0
| 119|0x000000070ee00000, 0x000000070f000000, 0x000000070f000000|100%| E|CS|TAMS 0x000000070ee00000| PB 0x000000070ee00000| Complete |  0
| 120|0x000000070f000000, 0x000000070f200000, 0x000000070f200000|100%| E|CS|TAMS 0x000000070f000000| PB 0x000000070f000000| Complete |  0
| 121|0x000000070f200000, 0x000000070f400000, 0x000000070f400000|100%| E|CS|TAMS 0x000000070f200000| PB 0x000000070f200000| Complete |  0
| 122|0x000000070f400000, 0x000000070f600000, 0x000000070f600000|100%| E|CS|TAMS 0x000000070f400000| PB 0x000000070f400000| Complete |  0
| 123|0x000000070f600000, 0x000000070f800000, 0x000000070f800000|100%| E|CS|TAMS 0x000000070f600000| PB 0x000000070f600000| Complete |  0
| 124|0x000000070f800000, 0x000000070fa00000, 0x000000070fa00000|100%| E|CS|TAMS 0x000000070f800000| PB 0x000000070f800000| Complete |  0
| 125|0x000000070fa00000, 0x000000070fc00000, 0x000000070fc00000|100%| E|CS|TAMS 0x000000070fa00000| PB 0x000000070fa00000| Complete |  0
| 126|0x000000070fc00000, 0x000000070fe00000, 0x000000070fe00000|100%| E|CS|TAMS 0x000000070fc00000| PB 0x000000070fc00000| Complete |  0
| 127|0x000000070fe00000, 0x0000000710000000, 0x0000000710000000|100%| E|CS|TAMS 0x000000070fe00000| PB 0x000000070fe00000| Complete |  0
|2047|0x00000007ffe00000, 0x00000007fff1f8b0, 0x0000000800000000| 56%| O|  |TAMS 0x00000007ffe00000| PB 0x00000007ffe00000| Untracked |  0

Card table byte_map: [0x0000000104368000,0x0000000104b68000] _byte_map_base: 0x0000000100b68000

Marking Bits: (CMBitMap*) 0x00007fd6cc01b410
 Bits: [0x0000000105f5a000, 0x0000000109f5a000)

Polling page: 0x00000001038c3000

Metaspace:
Metaspace        used 14996K, committed 15296K, reserved 1114112K
 class space     used 1767K, committed 1920K, reserved 1048576K

Usage:
  Non-class:     12.92 MB used.
      Class:      1.73 MB used.
       Both:     14.65 MB used.

Virtual space:
  Non-class space:       64.00 MB reserved,      13.06 MB ( 20%) committed,  1 nodes.
      Class space:        1.00 GB reserved,       1.88 MB ( <1%) committed,  1 nodes.
             Both:        1.06 GB reserved,      14.94 MB (  1%) committed. 

Chunk freelists:
   Non-Class:  2.98 MB
       Class:  14.10 MB
        Both:  17.08 MB

MaxMetaspaceSize: unlimited
CompressedClassSpaceSize: 1.00 GB
Initial GC threshold: 21.00 MB
Current GC threshold: 21.00 MB
CDS: on
 - commit_granule_bytes: 65536.
 - commit_granule_words: 8192.
 - virtual_space_node_default_size: 8388608.
 - enlarge_chunks_in_place: 1.
UseCompressedClassPointers 1, UseCompactObjectHeaders 0
Narrow klass pointer bits 32, Max shift 3
Narrow klass base: 0x0000000126000000, Narrow klass shift: 0
Encoding Range: [0x0000000126000000 - 0x0000000226000000), (4294967296 bytes)
Klass Range:    [0x0000000126004000 - 0x0000000167000000), (1090502656 bytes)
Klass ID Range:  [16384 - 1090519033) (1090502649)
Protection zone: [0x0000000126000000 - 0x0000000126004000), (16384 bytes)


Internal statistics:

num_allocs_failed_limit: 0.
num_arena_births: 162.
num_arena_deaths: 0.
num_vsnodes_births: 2.
num_vsnodes_deaths: 0.
num_space_committed: 239.
num_space_uncommitted: 0.
num_chunks_returned_to_freelist: 0.
num_chunks_taken_from_freelist: 286.
num_chunk_merges: 0.
num_chunk_splits: 186.
num_chunks_enlarged: 128.
num_inconsistent_stats: 0.

CodeHeap 'non-profiled nmethods': size=120036Kb used=564Kb max_used=564Kb free=119471Kb
 bounds [0x000000011bb34000, 0x000000011bda4000, 0x000000012306d000]
CodeHeap 'profiled nmethods': size=120028Kb used=2337Kb max_used=2337Kb free=117690Kb
 bounds [0x000000011406d000, 0x00000001142dd000, 0x000000011b5a4000]
CodeHeap 'non-nmethods': size=5696Kb used=1720Kb max_used=1738Kb free=3975Kb
 bounds [0x000000011b5a4000, 0x000000011b814000, 0x000000011bb34000]
CodeCache: size=245760Kb, used=4621Kb, max_used=4639Kb, free=241136Kb
 total_blobs=2484, nmethods=1735, adapters=653, full_count=0
Compilation: enabled, stopped_count=0, restarted_count=0

Compilation events (20 events):
Event: 3.625 Thread 0x00007fd6cd024400 nmethod 1667 0x000000011bbba988 code [0x000000011bbbaa80, 0x000000011bbbab48]
Event: 3.629 Thread 0x00007fd6cd024400 1670       3       java.awt.Dimension::<init> (15 bytes)
Event: 3.630 Thread 0x00007fd6cd024400 nmethod 1670 0x000000011429db88 code [0x000000011429dc80, 0x000000011429de40]
Event: 3.630 Thread 0x00007fd6cd024400 1672       3       javax.swing.JComponent::getWidth (5 bytes)
Event: 3.631 Thread 0x00007fd6cd024400 nmethod 1672 0x000000011429de88 code [0x000000011429df80, 0x000000011429e098]
Event: 3.631 Thread 0x00007fd6cd024400 1669       3       java.awt.geom.AffineTransform::hashCode (87 bytes)
Event: 3.631 Thread 0x00007fd6ccb85c00 nmethod 1589 0x000000011bbbac88 code [0x000000011bbbad80, 0x000000011bbbb740]
Event: 3.631 Thread 0x00007fd6ccb85c00 1597       4       java.security.MessageDigest::digest (49 bytes)
Event: 3.631 Thread 0x00007fd6cd024400 nmethod 1669 0x000000011429e188 code [0x000000011429e280, 0x000000011429e538]
Event: 3.634 Thread 0x00007fd6cd024400 1673       1       sun.java2d.pipe.RenderBuffer::position (5 bytes)
Event: 3.634 Thread 0x00007fd6cd024400 nmethod 1673 0x000000011bbbb788 code [0x000000011bbbb880, 0x000000011bbbb940]
Event: 3.635 Thread 0x00007fd6cd024400 1674       3       javax.swing.JComponent::getHeight (5 bytes)
Event: 3.635 Thread 0x00007fd6cd024400 nmethod 1674 0x000000011429e588 code [0x000000011429e680, 0x000000011429e798]
Event: 3.635 Thread 0x00007fd6ccb85c00 nmethod 1597 0x000000011bbbba88 code [0x000000011bbbbb80, 0x000000011bbbbdc8]
Event: 3.635 Thread 0x00007fd6ccb85c00 1598   !   4       java.security.MessageDigest::getDigestLength (30 bytes)
Event: 3.636 Thread 0x00007fd6cd024400 1675       3       sun.java2d.pipe.RenderBuffer::putFloat (30 bytes)
Event: 3.636 Thread 0x00007fd6ccb85c00 nmethod 1598 0x000000011bbbbe08 code [0x000000011bbbbf00, 0x000000011bbbbfe0]
Event: 3.636 Thread 0x00007fd6ccb85c00 1599       4       javax.crypto.Mac::doFinal (64 bytes)
Event: 3.641 Thread 0x00007fd6cd024400 nmethod 1675 0x000000011429e888 code [0x000000011429e980, 0x00000001142a1640]
Event: 3.642 Thread 0x00007fd6cd024400 1676       3       jdk.internal.foreign.AbstractMemorySegmentImpl::set (14 bytes)

GC Heap Usage History (0 events):
No events

Metaspace Usage History (0 events):
No events

Dll operation events (15 events):
Event: 0.012 Loaded shared library /Users/akbhar/Library/Java/JavaVirtualMachines/openjdk-25.0.2/Contents/Home/lib/libjava.dylib
Event: 0.148 Loaded shared library /Users/akbhar/Library/Java/JavaVirtualMachines/openjdk-25.0.2/Contents/Home/lib/libzip.dylib
Event: 0.153 Loaded shared library /Users/akbhar/Library/Java/JavaVirtualMachines/openjdk-25.0.2/Contents/Home/lib/libinstrument.dylib
Event: 0.163 Loaded shared library /Users/akbhar/Library/Java/JavaVirtualMachines/openjdk-25.0.2/Contents/Home/lib/libnio.dylib
Event: 0.180 Loaded shared library /Users/akbhar/Library/Java/JavaVirtualMachines/openjdk-25.0.2/Contents/Home/lib/libzip.dylib
Event: 0.264 Loaded shared library /Users/akbhar/Library/Java/JavaVirtualMachines/openjdk-25.0.2/Contents/Home/lib/libnet.dylib
Event: 0.297 Loaded shared library /Users/akbhar/Library/Java/JavaVirtualMachines/openjdk-25.0.2/Contents/Home/lib/libextnet.dylib
Event: 0.338 Loaded shared library /Users/akbhar/Library/Java/JavaVirtualMachines/openjdk-25.0.2/Contents/Home/lib/libjimage.dylib
Event: 0.365 Loaded shared library /Users/akbhar/Library/Java/JavaVirtualMachines/openjdk-25.0.2/Contents/Home/lib/libawt.dylib
Event: 0.370 Loaded shared library /Users/akbhar/Library/Java/JavaVirtualMachines/openjdk-25.0.2/Contents/Home/lib/libawt_lwawt.dylib
Event: 0.456 Loaded shared library /Users/akbhar/Library/Java/JavaVirtualMachines/openjdk-25.0.2/Contents/Home/lib/libfontmanager.dylib
Event: 0.957 Loaded shared library /Users/akbhar/Library/Java/JavaVirtualMachines/openjdk-25.0.2/Contents/Home/lib/libosxui.dylib
Event: 1.501 Loaded shared library /Users/akbhar/Library/Java/JavaVirtualMachines/openjdk-25.0.2/Contents/Home/lib/libmanagement.dylib
Event: 1.502 Loaded shared library /Users/akbhar/Library/Java/JavaVirtualMachines/openjdk-25.0.2/Contents/Home/lib/libmanagement_ext.dylib
Event: 2.544 Loaded shared library /Users/akbhar/Library/Java/JavaVirtualMachines/openjdk-25.0.2/Contents/Home/lib/libverify.dylib

Deoptimization events (20 events):
Event: 2.739 Thread 0x00007fd6cc859200 DEOPT PACKING pc=0x000000011bba0484 sp=0x00007ff7bc776220
Event: 2.739 Thread 0x00007fd6cc859200 DEOPT UNPACKING pc=0x000000011b62fdf9 sp=0x00007ff7bc7761f0 mode 2
Event: 2.739 Thread 0x00007fd6cc859200 Uncommon trap: trap_request=0xffffffd6 fr.pc=0x000000011bba0484 relative=0x00000000000005e4
Event: 2.739 Thread 0x00007fd6cc859200 Uncommon trap: reason=array_check action=maybe_recompile pc=0x000000011bba0484 method=jdk.internal.classfile.impl.SplitConstantPool.internalAdd(Ljava/lang/classfile/constantpool/PoolEntry;I)Ljava/lang/classfile/constantpool/PoolEntry; @ 46 c2
Event: 2.739 Thread 0x00007fd6cc859200 DEOPT PACKING pc=0x000000011bba0484 sp=0x00007ff7bc776140
Event: 2.739 Thread 0x00007fd6cc859200 DEOPT UNPACKING pc=0x000000011b62fdf9 sp=0x00007ff7bc776110 mode 2
Event: 2.739 Thread 0x00007fd6cc859200 Uncommon trap: trap_request=0xffffffd6 fr.pc=0x000000011bba0484 relative=0x00000000000005e4
Event: 2.739 Thread 0x00007fd6cc859200 Uncommon trap: reason=array_check action=maybe_recompile pc=0x000000011bba0484 method=jdk.internal.classfile.impl.SplitConstantPool.internalAdd(Ljava/lang/classfile/constantpool/PoolEntry;I)Ljava/lang/classfile/constantpool/PoolEntry; @ 46 c2
Event: 2.739 Thread 0x00007fd6cc859200 DEOPT PACKING pc=0x000000011bba0484 sp=0x00007ff7bc776140
Event: 2.739 Thread 0x00007fd6cc859200 DEOPT UNPACKING pc=0x000000011b62fdf9 sp=0x00007ff7bc776110 mode 2
Event: 3.520 Thread 0x00007fd6cb008800 Uncommon trap: trap_request=0xffffff4c fr.pc=0x000000011bbaac6c relative=0x000000000000006c
Event: 3.520 Thread 0x00007fd6cb008800 Uncommon trap: reason=speculate_null_assert action=make_not_entrant pc=0x000000011bbaac6c method=jdk.internal.misc.Unsafe.putIntUnaligned(Ljava/lang/Object;JIZ)V @ 10 c2
Event: 3.520 Thread 0x00007fd6cb008800 DEOPT PACKING pc=0x000000011bbaac6c sp=0x000070000081ca60
Event: 3.520 Thread 0x00007fd6cb008800 DEOPT UNPACKING pc=0x000000011b62fdf9 sp=0x000070000081c9e0 mode 2
Event: 3.522 Thread 0x00007fd6cb008800 DEOPT PACKING pc=0x00000001141a1da3 sp=0x000070000081ccf0
Event: 3.522 Thread 0x00007fd6cb008800 DEOPT UNPACKING pc=0x000000011b5f4fef sp=0x000070000081c1e0 mode 0
Event: 3.522 Thread 0x00007fd6cb008800 Uncommon trap: trap_request=0xffffff45 fr.pc=0x000000011bb977d0 relative=0x0000000000007650
Event: 3.522 Thread 0x00007fd6cb008800 Uncommon trap: reason=unstable_if action=reinterpret pc=0x000000011bb977d0 method=sun.security.provider.SHA2.implReset()V @ 8 c2
Event: 3.522 Thread 0x00007fd6cb008800 DEOPT PACKING pc=0x000000011bb977d0 sp=0x000070000081ccb0
Event: 3.522 Thread 0x00007fd6cb008800 DEOPT UNPACKING pc=0x000000011b62fdf9 sp=0x000070000081c9e8 mode 2

Classes loaded (20 events):
Event: 3.521 Loading class sun/awt/im/CompositionAreaHandler
Event: 3.521 Loading class sun/awt/im/CompositionAreaHandler done
Event: 3.521 Loading class java/text/AttributedString
Event: 3.521 Loading class java/text/AttributedString done
Event: 3.521 Loading class java/text/AttributedString$AttributedStringIterator
Event: 3.521 Loading class java/text/AttributedCharacterIterator
Event: 3.521 Loading class java/text/AttributedCharacterIterator done
Event: 3.521 Loading class java/text/AttributedString$AttributedStringIterator done
Event: 3.522 Loading class javax/swing/TimerQueue
Event: 3.522 Loading class javax/swing/TimerQueue done
Event: 3.522 Loading class java/util/concurrent/DelayQueue
Event: 3.522 Loading class java/util/concurrent/BlockingQueue
Event: 3.522 Loading class java/util/concurrent/BlockingQueue done
Event: 3.522 Loading class java/util/concurrent/DelayQueue done
Event: 3.522 Loading class java/util/PriorityQueue
Event: 3.523 Loading class java/util/PriorityQueue done
Event: 3.523 Loading class javax/swing/TimerQueue$DelayedTimer
Event: 3.523 Loading class java/util/concurrent/Delayed
Event: 3.523 Loading class java/util/concurrent/Delayed done
Event: 3.523 Loading class javax/swing/TimerQueue$DelayedTimer done

Classes unloaded (0 events):
No events

Classes redefined (0 events):
No events

Internal exceptions (20 events):
Event: 2.007 Thread 0x00007fd6cb008800 Exception <a 'java/lang/NoSuchMethodError'{0x000000070f03b328}: 'void java.lang.invoke.DirectMethodHandle$Holder.invokeVirtual(java.lang.Object, java.lang.Object)'> (0x000000070f03b328) 
thrown [open/src/hotspot/share/interpreter/linkResolver.cpp, line 804]
Event: 2.009 Thread 0x00007fd6cb008800 Implicit null exception at 0x000000011bb7d033 to 0x000000011bb7d8b4
Event: 2.222 Thread 0x00007fd6cb008800 Exception <a 'java/lang/NoSuchMethodError'{0x000000070ef361a8}: 'java.lang.Object java.lang.invoke.DirectMethodHandle$Holder.invokeStaticInit(java.lang.Object, java.lang.Object, java.lang.Object)'> (0x000000070ef361a8) 
thrown [open/src/hotspot/share/interpreter/linkResolver.cpp, line 804]
Event: 2.526 Thread 0x00007fd6cb008800 Implicit null exception at 0x000000011bb8f5da to 0x000000011bb8ff68
Event: 2.603 Thread 0x00007fd6cb008800 Exception <a 'java/lang/NoSuchMethodError'{0x000000070edfef10}: 'java.lang.Object java.lang.invoke.DirectMethodHandle$Holder.invokeVirtual(java.lang.Object, java.lang.Object, java.lang.Object)'> (0x000000070edfef10) 
thrown [open/src/hotspot/share/interpreter/linkResolver.cpp, line 804]
Event: 2.607 Thread 0x00007fd6cb008800 Exception <a 'java/lang/NoSuchMethodError'{0x000000070ea11718}: 'void java.lang.invoke.DirectMethodHandle$Holder.invokeStaticInit(java.lang.Object, java.lang.Object)'> (0x000000070ea11718) 
thrown [open/src/hotspot/share/interpreter/linkResolver.cpp, line 804]
Event: 2.610 Thread 0x00007fd6cb008800 Exception <a 'java/lang/NoSuchMethodError'{0x000000070ea32b70}: 'int java.lang.invoke.DirectMethodHandle$Holder.invokeSpecialIFC(java.lang.Object, java.lang.Object, java.lang.Object, java.lang.Object)'> (0x000000070ea32b70) 
thrown [open/src/hotspot/share/interpreter/linkResolver.cpp, line 804]
Event: 2.624 Thread 0x00007fd6cb008800 Exception <a 'java/lang/NoSuchMethodError'{0x000000070ea65418}: 'void java.lang.invoke.Invokers$Holder.invokeExact_MT(java.lang.Object, java.lang.Object, java.lang.Object, java.lang.Object)'> (0x000000070ea65418) 
thrown [open/src/hotspot/share/interpreter/linkResolver.cpp, line 804]
Event: 2.634 Thread 0x00007fd6cb008800 Exception <a 'java/lang/NoSuchMethodError'{0x000000070ea7ea70}: 'java.lang.Object java.lang.invoke.DirectMethodHandle$Holder.newInvokeSpecial(java.lang.Object, java.lang.Object, java.lang.Object, int, java.lang.Object)'> (0x000000070ea7ea70) 
thrown [open/src/hotspot/share/interpreter/linkResolver.cpp, line 804]
Event: 2.636 Thread 0x00007fd6cb008800 Exception <a 'java/lang/NoSuchMethodError'{0x000000070ea8ef08}: 'java.lang.Object java.lang.invoke.Invokers$Holder.linkToTargetMethod(java.lang.Object, java.lang.Object, int, java.lang.Object, java.lang.Object)'> (0x000000070ea8ef08) 
thrown [open/src/hotspot/share/interpreter/linkResolver.cpp, line 804]
Event: 2.681 Thread 0x00007fd6cb008800 Exception <a 'java/lang/NoSuchMethodError'{0x000000070ea97ae8}: 'void java.lang.invoke.DirectMethodHandle$Holder.invokeStatic(java.lang.Object, int, long)'> (0x000000070ea97ae8) 
thrown [open/src/hotspot/share/interpreter/linkResolver.cpp, line 804]
Event: 2.694 Thread 0x00007fd6cd225800 Exception <a 'java/lang/NoSuchMethodError'{0x000000070ec93b40}: 'void java.lang.invoke.DirectMethodHandle$Holder.invokeStatic(java.lang.Object, long)'> (0x000000070ec93b40) 
thrown [open/src/hotspot/share/interpreter/linkResolver.cpp, line 804]
Event: 2.717 Thread 0x00007fd6cb008800 Exception <a 'java/lang/NoSuchMethodError'{0x000000070eaed9b0}: 'java.lang.Object java.lang.invoke.Invokers$Holder.linkToTargetMethod(int, int, int, int, java.lang.Object)'> (0x000000070eaed9b0) 
thrown [open/src/hotspot/share/interpreter/linkResolver.cpp, line 804]
Event: 2.718 Thread 0x00007fd6cb008800 Exception <a 'java/lang/NoSuchMethodError'{0x000000070eaf5b60}: 'void java.lang.invoke.DirectMethodHandle$Holder.invokeStatic(java.lang.Object, java.lang.Object, long)'> (0x000000070eaf5b60) 
thrown [open/src/hotspot/share/interpreter/linkResolver.cpp, line 804]
Event: 2.739 Thread 0x00007fd6cc859200 Exception <a 'java/lang/NoSuchMethodError'{0x000000070faec4e8}: 'void java.lang.invoke.DirectMethodHandle$Holder.invokeSpecial(java.lang.Object, java.lang.Object, long)'> (0x000000070faec4e8) 
thrown [open/src/hotspot/share/interpreter/linkResolver.cpp, line 804]
Event: 2.817 Thread 0x00007fd6cb008800 Exception <a 'java/lang/NoSuchMethodError'{0x000000070eb47168}: 'java.lang.Object java.lang.invoke.DirectMethodHandle$Holder.newInvokeSpecial(java.lang.Object, int, java.lang.Object)'> (0x000000070eb47168) 
thrown [open/src/hotspot/share/interpreter/linkResolver.cpp, line 804]
Event: 3.388 Thread 0x00007fd6cb008800 Exception <a 'java/lang/NoSuchMethodError'{0x000000070e809a80}: 'void java.lang.invoke.DirectMethodHandle$Holder.invokeStatic(java.lang.Object, long, long)'> (0x000000070e809a80) 
thrown [open/src/hotspot/share/interpreter/linkResolver.cpp, line 804]
Event: 3.389 Thread 0x00007fd6cb008800 Exception <a 'java/lang/NoSuchMethodError'{0x000000070e818668}: 'java.lang.Object java.lang.invoke.DirectMethodHandle$Holder.newInvokeSpecial(java.lang.Object, long)'> (0x000000070e818668) 
thrown [open/src/hotspot/share/interpreter/linkResolver.cpp, line 804]
Event: 3.390 Thread 0x00007fd6cb008800 Exception <a 'java/lang/NoSuchMethodError'{0x000000070e830b68}: 'java.lang.Object java.lang.invoke.DirectMethodHandle$Holder.newInvokeSpecial(java.lang.Object, java.lang.Object, int)'> (0x000000070e830b68) 
thrown [open/src/hotspot/share/interpreter/linkResolver.cpp, line 804]
Event: 3.522 Thread 0x00007fd6cb008800 Implicit null exception at 0x000000011bb9077c to 0x000000011bb97744

VM Operations (16 events):
Event: 0.114 Executing non-safepoint VM operation: HandshakeAllThreads (Deoptimize)
Event: 0.114 Executing non-safepoint VM operation: HandshakeAllThreads (Deoptimize) done
Event: 0.282 Executing non-safepoint VM operation: HandshakeAllThreads (Deoptimize)
Event: 0.282 Executing non-safepoint VM operation: HandshakeAllThreads (Deoptimize) done
Event: 1.567 Executing non-safepoint VM operation: HandshakeAllThreads (Deoptimize)
Event: 1.567 Executing non-safepoint VM operation: HandshakeAllThreads (Deoptimize) done
Event: 1.648 Executing non-safepoint VM operation: HandshakeAllThreads (Deoptimize)
Event: 1.648 Executing non-safepoint VM operation: HandshakeAllThreads (Deoptimize) done
Event: 2.084 Executing non-safepoint VM operation: HandshakeAllThreads (Deoptimize)
Event: 2.084 Executing non-safepoint VM operation: HandshakeAllThreads (Deoptimize) done
Event: 2.085 Executing non-safepoint VM operation: HandshakeAllThreads (Deoptimize)
Event: 2.085 Executing non-safepoint VM operation: HandshakeAllThreads (Deoptimize) done
Event: 2.815 Executing non-safepoint VM operation: HandshakeAllThreads (Deoptimize)
Event: 2.815 Executing non-safepoint VM operation: HandshakeAllThreads (Deoptimize) done
Event: 3.495 Executing non-safepoint VM operation: HandshakeAllThreads (Deoptimize)
Event: 3.495 Executing non-safepoint VM operation: HandshakeAllThreads (Deoptimize) done

Memory protections (20 events):
Event: 0.060 Protecting memory [0x0000700001448000,0x000070000144c000] with protection modes 0
Event: 0.060 Protecting memory [0x000070000154b000,0x000070000154f000] with protection modes 0
Event: 0.065 Protecting memory [0x000070000164e000,0x0000700001652000] with protection modes 0
Event: 0.160 Protecting memory [0x0000700001751000,0x0000700001755000] with protection modes 0
Event: 0.261 Protecting memory [0x0000700001854000,0x0000700001858000] with protection modes 0
Event: 0.262 Protecting memory [0x0000700001957000,0x000070000195b000] with protection modes 0
Event: 0.479 Protecting memory [0x00007ff7bbf7d000,0x00007ff7bbf81000] with protection modes 0
Event: 0.555 Protecting memory [0x0000700001add000,0x0000700001ae1000] with protection modes 0
Event: 0.854 Protecting memory [0x0000700001dec000,0x0000700001df0000] with protection modes 0
Event: 0.882 Protecting memory [0x0000700001eef000,0x0000700001ef3000] with protection modes 0
Event: 1.905 Protecting memory [0x0000700001ff2000,0x0000700001ff6000] with protection modes 0
Event: 2.213 Protecting memory [0x0000700001add000,0x0000700001ae1000] with protection modes 3
Event: 2.225 Protecting memory [0x0000700001add000,0x0000700001ae1000] with protection modes 0
Event: 2.393 Protecting memory [0x00007000020f5000,0x00007000020f9000] with protection modes 0
Event: 2.394 Protecting memory [0x00007000021f8000,0x00007000021fc000] with protection modes 0
Event: 2.735 Protecting memory [0x0000700001ff2000,0x0000700001ff6000] with protection modes 3
Event: 3.523 Protecting memory [0x00007000022fb000,0x00007000022ff000] with protection modes 0
Event: 3.524 Protecting memory [0x00007000023fe000,0x0000700002402000] with protection modes 0
Event: 3.628 Protecting memory [0x000070000071e000,0x0000700000722000] with protection modes 3
Event: 3.628 Protecting memory [0x000070000071e000,0x0000700000722000] with protection modes 0

Nmethod flushes (0 events):
No events

Events (20 events):
Event: 0.060 Thread 0x00007fd6cb008800 Thread added: 0x00007fd6cb03d800
Event: 0.060 Thread 0x00007fd6cb008800 Thread added: 0x00007fd6cb042800
Event: 0.065 Thread 0x00007fd6cb008800 Thread added: 0x00007fd6cd024400
Event: 0.160 Thread 0x00007fd6cb008800 Thread added: 0x00007fd6cb0d5a00
Event: 0.261 Thread 0x00007fd6cb008800 Thread added: 0x00007fd6cd02e600
Event: 0.262 Thread 0x00007fd6cb008800 Thread added: 0x00007fd6cc039c00
Event: 0.479 Thread 0x00007fd6cc859200 Thread added: 0x00007fd6cc859200
Event: 0.555 Thread 0x00007fd6cc859200 Thread added: 0x00007fd6cb1bec00
Event: 0.854 Thread 0x00007fd6cb008800 Thread added: 0x00007fd6cd202000
Event: 0.882 Thread 0x00007fd6cb008800 Thread added: 0x00007fd6cb1de000
Event: 1.905 Thread 0x00007fd6cb042800 Thread added: 0x00007fd6cd216a00
Event: 2.214 Thread 0x00007fd6cb1bec00 Thread exited: 0x00007fd6cb1bec00
Event: 2.225 Thread 0x00007fd6cb008800 Thread added: 0x00007fd6cc999e00
Event: 2.393 Thread 0x00007fd6cb008800 Thread added: 0x00007fd6cb1f7600
Event: 2.394 Thread 0x00007fd6cb008800 Thread added: 0x00007fd6cd225800
Event: 2.735 Thread 0x00007fd6cd216a00 Thread exited: 0x00007fd6cd216a00
Event: 3.523 Thread 0x00007fd6cd225800 Thread added: 0x00007fd6cb369c00
Event: 3.524 Thread 0x00007fd6cd024400 Thread added: 0x00007fd6ccb85c00
Event: 3.628 Thread 0x00007fd6cb008800 Thread exited: 0x00007fd6cb008800
Event: 3.628 Thread 0x00007fd6ccb4b200 Thread added: 0x00007fd6ccb4b200


Dynamic libraries:
0x00000001038a5000 	/Users/akbhar/Library/Java/JavaVirtualMachines/openjdk-25.0.2/Contents/Home/lib/libjli.dylib
0x00007ff81f3f2000 	/usr/lib/libz.1.dylib
0x00007ff81f4d2000 	/usr/lib/libSystem.B.dylib
0x00007ff81f4cd000 	/usr/lib/system/libcache.dylib
0x00007ff81f489000 	/usr/lib/system/libcommonCrypto.dylib
0x00007ff81f4b2000 	/usr/lib/system/libcompiler_rt.dylib
0x00007ff81f4a8000 	/usr/lib/system/libcopyfile.dylib
0x00007ff81445b000 	/usr/lib/system/libcorecrypto.dylib
0x00007ff814519000 	/usr/lib/system/libdispatch.dylib
0x00007ff8146da000 	/usr/lib/system/libdyld.dylib
0x00007ff81f4c4000 	/usr/lib/system/libkeymgr.dylib
0x00007ff81f467000 	/usr/lib/system/libmacho.dylib
0x00007ff81eae8000 	/usr/lib/system/libquarantine.dylib
0x00007ff81f4c2000 	/usr/lib/system/libremovefile.dylib
0x00007ff819673000 	/usr/lib/system/libsystem_asl.dylib
0x00007ff814404000 	/usr/lib/system/libsystem_blocks.dylib
0x00007ff81459e000 	/usr/lib/system/libsystem_c.dylib
0x00007ff81f4ba000 	/usr/lib/system/libsystem_collections.dylib
0x00007ff81dd9c000 	/usr/lib/system/libsystem_configuration.dylib
0x00007ff81d045000 	/usr/lib/system/libsystem_containermanager.dylib
0x00007ff81f19f000 	/usr/lib/system/libsystem_coreservices.dylib
0x00007ff816d11000 	/usr/lib/system/libsystem_darwin.dylib
0x00007ff81f4c5000 	/usr/lib/system/libsystem_dnssd.dylib
0x00007ff81459b000 	/usr/lib/system/libsystem_featureflags.dylib
0x00007ff8146f0000 	/usr/lib/system/libsystem_info.dylib
0x00007ff81f405000 	/usr/lib/system/libsystem_m.dylib
0x00007ff8144ed000 	/usr/lib/system/libsystem_malloc.dylib
0x00007ff81960e000 	/usr/lib/system/libsystem_networkextension.dylib
0x00007ff81713b000 	/usr/lib/system/libsystem_notify.dylib
0x00007ff825749000 	/usr/lib/system/libsystem_product_info_filter.dylib
0x00007ff81dda0000 	/usr/lib/system/libsystem_sandbox.dylib
0x00007ff81f4bf000 	/usr/lib/system/libsystem_secinit.dylib
0x00007ff814696000 	/usr/lib/system/libsystem_kernel.dylib
0x00007ff8146e6000 	/usr/lib/system/libsystem_platform.dylib
0x00007ff8146ce000 	/usr/lib/system/libsystem_pthread.dylib
0x00007ff81aec1000 	/usr/lib/system/libsystem_symptoms.dylib
0x00007ff814442000 	/usr/lib/system/libsystem_trace.dylib
0x00007ff81f495000 	/usr/lib/system/libunwind.dylib
0x00007ff814406000 	/usr/lib/system/libxpc.dylib
0x00007ff814680000 	/usr/lib/libc++abi.dylib
0x00007ff814560000 	/usr/lib/libobjc.A.dylib
0x00007ff81f4a0000 	/usr/lib/liboah.dylib
0x00007ff814627000 	/usr/lib/libc++.1.dylib
0x00007ff82920a000 	/System/Library/Frameworks/ApplicationServices.framework/Versions/A/ApplicationServices
0x00007ff819a42000 	/System/Library/Frameworks/CoreGraphics.framework/Versions/A/CoreGraphics
0x00007ff815e00000 	/System/Library/Frameworks/CoreText.framework/Versions/A/CoreText
0x00007ff81d75a000 	/System/Library/Frameworks/ImageIO.framework/Versions/A/ImageIO
0x00007ff81a10e000 	/System/Library/Frameworks/ColorSync.framework/Versions/A/ColorSync
0x00007ff8222a3000 	/System/Library/Frameworks/ApplicationServices.framework/Versions/A/Frameworks/ATS.framework/Versions/A/ATS
0x00007ff825876000 	/System/Library/Frameworks/CoreServices.framework/Versions/A/CoreServices
0x00007ff81a20c000 	/System/Library/Frameworks/ApplicationServices.framework/Versions/A/Frameworks/HIServices.framework/Versions/A/HIServices
0x00007ff8211ad000 	/System/Library/Frameworks/ApplicationServices.framework/Versions/A/Frameworks/PrintCore.framework/Versions/A/PrintCore
0x00007ff822631000 	/System/Library/Frameworks/ApplicationServices.framework/Versions/A/Frameworks/QD.framework/Versions/A/QD
0x00007ff822629000 	/System/Library/Frameworks/ApplicationServices.framework/Versions/A/Frameworks/ColorSyncLegacy.framework/Versions/A/ColorSyncLegacy
0x00007ff822293000 	/System/Library/Frameworks/ApplicationServices.framework/Versions/A/Frameworks/SpeechSynthesis.framework/Versions/A/SpeechSynthesis
0x00007ff8196a3000 	/System/Library/PrivateFrameworks/SkyLight.framework/Versions/A/SkyLight
0x00007ff81d2e2000 	/System/Library/PrivateFrameworks/FontServices.framework/libFontParser.dylib
0x00007ff825b0e000 	/System/Library/Frameworks/Accelerate.framework/Versions/A/Accelerate
0x00007ff81d062000 	/System/Library/Frameworks/IOSurface.framework/Versions/A/IOSurface
0x00007ff81be95000 	/usr/lib/libxml2.2.dylib
0x00007ff81917f000 	/System/Library/Frameworks/CFNetwork.framework/Versions/A/CFNetwork
0x00007ff81471b000 	/System/Library/Frameworks/CoreFoundation.framework/Versions/A/CoreFoundation
0x00007ff815598000 	/System/Library/Frameworks/Foundation.framework/Versions/C/Foundation
0x00007ff81adf5000 	/System/Library/PrivateFrameworks/RunningBoardServices.framework/Versions/A/RunningBoardServices
0x00007ff819626000 	/usr/lib/libMobileGestalt.dylib
0x00007ff82bb21000 	/System/Library/PrivateFrameworks/IOSurfaceAccelerator.framework/Versions/A/IOSurfaceAccelerator
0x00007ff820aa7000 	/System/Library/PrivateFrameworks/WatchdogClient.framework/Versions/A/WatchdogClient
0x00007ff81f75c000 	/usr/lib/libcompression.dylib
0x00007ff81b0af000 	/usr/lib/libDiagnosticMessagesClient.dylib
0x00007ff8152aa000 	/System/Library/Frameworks/SystemConfiguration.framework/Versions/A/SystemConfiguration
0x00007ff815a43000 	/System/Library/Frameworks/CoreDisplay.framework/Versions/A/CoreDisplay
0x00007ff81d1e0000 	/System/Library/Frameworks/CoreMedia.framework/Versions/A/CoreMedia
0x00007ff81d074000 	/System/Library/PrivateFrameworks/IOAccelerator.framework/Versions/A/IOAccelerator
0x00007ff817081000 	/System/Library/Frameworks/IOKit.framework/Versions/A/IOKit
0x00007ff81d07d000 	/System/Library/Frameworks/Metal.framework/Versions/A/Metal
0x00007ff81bf79000 	/System/Library/Frameworks/CoreVideo.framework/Versions/A/CoreVideo
0x00007ff81f754000 	/System/Library/Frameworks/MetalPerformanceShaders.framework/Versions/A/MetalPerformanceShaders
0x00007ff820aab000 	/System/Library/PrivateFrameworks/MultitouchSupport.framework/Versions/A/MultitouchSupport
0x00007ff816722000 	/System/Library/Frameworks/Security.framework/Versions/A/Security
0x00007ff81b84c000 	/System/Library/Frameworks/QuartzCore.framework/Versions/A/QuartzCore
0x00007ff81eb0f000 	/usr/lib/libbsm.0.dylib
0x00007ff81f4d8000 	/System/Library/PrivateFrameworks/SoftLinking.framework/Versions/A/SoftLinking
0x00007ff81b081000 	/System/Library/PrivateFrameworks/CoreAnalytics.framework/Versions/A/CoreAnalytics
0x00007ff820ae4000 	/System/Library/Frameworks/VideoToolbox.framework/Versions/A/VideoToolbox
0x00007ff81ad3f000 	/System/Library/PrivateFrameworks/BaseBoard.framework/Versions/A/BaseBoard
0x00007ff81be18000 	/System/Library/Frameworks/CoreServices.framework/Versions/A/Frameworks/FSEvents.framework/Versions/A/FSEvents
0x00007ff816d1b000 	/System/Library/Frameworks/CoreServices.framework/Versions/A/Frameworks/CarbonCore.framework/Versions/A/CarbonCore
0x00007ff81b102000 	/System/Library/Frameworks/CoreServices.framework/Versions/A/Frameworks/Metadata.framework/Versions/A/Metadata
0x00007ff81f1a4000 	/System/Library/Frameworks/CoreServices.framework/Versions/A/Frameworks/OSServices.framework/Versions/A/OSServices
0x00007ff81f69b000 	/System/Library/Frameworks/CoreServices.framework/Versions/A/Frameworks/SearchKit.framework/Versions/A/SearchKit
0x00007ff81ae4b000 	/System/Library/Frameworks/CoreServices.framework/Versions/A/Frameworks/AE.framework/Versions/A/AE
0x00007ff814c1e000 	/System/Library/Frameworks/CoreServices.framework/Versions/A/Frameworks/LaunchServices.framework/Versions/A/LaunchServices
0x00007ff81fbd7000 	/System/Library/Frameworks/CoreServices.framework/Versions/A/Frameworks/DictionaryServices.framework/Versions/A/DictionaryServices
0x00007ff81be25000 	/System/Library/Frameworks/CoreServices.framework/Versions/A/Frameworks/SharedFileList.framework/Versions/A/SharedFileList
0x00007ff81f726000 	/usr/lib/libapple_nghttp2.dylib
0x00007ff816a7d000 	/usr/lib/libicucore.A.dylib
0x00007ff81878e000 	/usr/lib/libnetwork.dylib
0x00007ff81aae0000 	/usr/lib/libsqlite3.dylib
0x00007ff81f4d4000 	/usr/lib/libfakelink.dylib
0x00007ff819625000 	/usr/lib/libenergytrace.dylib
0x00007ff81f46d000 	/usr/lib/system/libkxld.dylib
0x00007ffb2ce76000 	/usr/lib/libCoreEntitlements.dylib
0x00007ff81f181000 	/System/Library/PrivateFrameworks/AppleFSCompression.framework/Versions/A/AppleFSCompression
0x00007ff81eaf7000 	/usr/lib/libcoretls.dylib
0x00007ff81fc40000 	/usr/lib/libcoretls_cfhelpers.dylib
0x00007ff81f756000 	/usr/lib/libpam.2.dylib
0x00007ff81fcaf000 	/usr/lib/libxar.1.dylib
0x00007ff81be4d000 	/System/Library/PrivateFrameworks/CoreAutoLayout.framework/Versions/A/CoreAutoLayout
0x00007ff81b19e000 	/System/Library/Frameworks/DiskArbitration.framework/Versions/A/DiskArbitration
0x00007ff81f615000 	/usr/lib/libarchive.2.dylib
0x00007ff81ddac000 	/usr/lib/liblangid.dylib
0x00007ff81dda8000 	/System/Library/PrivateFrameworks/AppleSystemInfo.framework/Versions/A/AppleSystemInfo
0x00007ff81e742000 	/System/Library/PrivateFrameworks/IOMobileFramebuffer.framework/Versions/A/IOMobileFramebuffer
0x00007ff81f4d9000 	/usr/lib/libpcap.A.dylib
0x00007ff81aeb9000 	/usr/lib/libdns_services.dylib
0x00007ff81fc26000 	/usr/lib/liblzma.5.dylib
0x00007ff81f191000 	/usr/lib/libbz2.1.0.dylib
0x00007ff81f513000 	/usr/lib/libiconv.2.dylib
0x00007ff81f466000 	/usr/lib/libcharset.1.dylib
0x00007ff81eaeb000 	/usr/lib/libCheckFix.dylib
0x00007ff81968a000 	/System/Library/PrivateFrameworks/TCC.framework/Versions/A/TCC
0x00007ff81ddae000 	/System/Library/PrivateFrameworks/CoreNLP.framework/Versions/A/CoreNLP
0x00007ff81b0b2000 	/System/Library/PrivateFrameworks/MetadataUtilities.framework/Versions/A/MetadataUtilities
0x00007ff81535b000 	/usr/lib/libmecabra.dylib
0x00007ff81eb1f000 	/usr/lib/libmecab.dylib
0x00007ff815326000 	/usr/lib/libCRFSuite.dylib
0x00007ff81eb79000 	/usr/lib/libgermantok.dylib
0x00007ff81f701000 	/usr/lib/libThaiTokenizer.dylib
0x00007ff81b1a5000 	/System/Library/Frameworks/Accelerate.framework/Versions/A/Frameworks/vImage.framework/Versions/A/vImage
0x00007ff82584d000 	/System/Library/Frameworks/Accelerate.framework/Versions/A/Frameworks/vecLib.framework/Versions/A/vecLib
0x00007ff81fcf0000 	/System/Library/Frameworks/Accelerate.framework/Versions/A/Frameworks/vecLib.framework/Versions/A/libvMisc.dylib
0x00007ff81e56d000 	/System/Library/Frameworks/Accelerate.framework/Versions/A/Frameworks/vecLib.framework/Versions/A/libvDSP.dylib
0x00007ff814f9a000 	/System/Library/Frameworks/Accelerate.framework/Versions/A/Frameworks/vecLib.framework/Versions/A/libBLAS.dylib
0x00007ff81f839000 	/System/Library/Frameworks/Accelerate.framework/Versions/A/Frameworks/vecLib.framework/Versions/A/libLAPACK.dylib
0x00007ff81eb7c000 	/System/Library/Frameworks/Accelerate.framework/Versions/A/Frameworks/vecLib.framework/Versions/A/libLinearAlgebra.dylib
0x00007ff81f73e000 	/System/Library/Frameworks/Accelerate.framework/Versions/A/Frameworks/vecLib.framework/Versions/A/libSparseBLAS.dylib
0x00007ff81f833000 	/System/Library/Frameworks/Accelerate.framework/Versions/A/Frameworks/vecLib.framework/Versions/A/libQuadrature.dylib
0x00007ff81de99000 	/System/Library/Frameworks/Accelerate.framework/Versions/A/Frameworks/vecLib.framework/Versions/A/libBNNS.dylib
0x00007ff815234000 	/System/Library/Frameworks/Accelerate.framework/Versions/A/Frameworks/vecLib.framework/Versions/A/libSparse.dylib
0x00007ff81de92000 	/System/Library/PrivateFrameworks/LinguisticData.framework/Versions/A/LinguisticData
0x00007ff8151ea000 	/System/Library/PrivateFrameworks/Lexicon.framework/Versions/A/Lexicon
0x00007ff81fce9000 	/usr/lib/libChineseTokenizer.dylib
0x00007ff815955000 	/System/Library/PrivateFrameworks/LanguageModeling.framework/Versions/A/LanguageModeling
0x00007ff81f703000 	/System/Library/PrivateFrameworks/AppleSauce.framework/Versions/A/AppleSauce
0x00007ff81e730000 	/System/Library/PrivateFrameworks/CoreEmoji.framework/Versions/A/CoreEmoji
0x00007ff81f604000 	/usr/lib/libcmph.dylib
0x00007ff81bdfc000 	/System/Library/Frameworks/OpenDirectory.framework/Versions/A/Frameworks/CFOpenDirectory.framework/Versions/A/CFOpenDirectory
0x00007ff81bdf0000 	/System/Library/Frameworks/OpenDirectory.framework/Versions/A/OpenDirectory
0x00007ff81fc42000 	/System/Library/PrivateFrameworks/APFS.framework/Versions/A/APFS
0x00007ff81ea46000 	/System/Library/Frameworks/SecurityFoundation.framework/Versions/A/SecurityFoundation
0x00007ff81fcbd000 	/usr/lib/libutil.dylib
0x00007ff817045000 	/System/Library/PrivateFrameworks/CoreServicesStore.framework/Versions/A/CoreServicesStore
0x00007ff81be4a000 	/usr/lib/libapp_launch_measurement.dylib
0x00007ff81fcc1000 	/usr/lib/libxslt.1.dylib
0x00007ff81ead3000 	/System/Library/PrivateFrameworks/BackgroundTaskManagement.framework/Versions/A/BackgroundTaskManagement
0x00007ff81aac6000 	/System/Library/PrivateFrameworks/ProtocolBuffer.framework/Versions/A/ProtocolBuffer
0x00007ff81fe4a000 	/usr/lib/libate.dylib
0x00007ff821135000 	/System/Library/Frameworks/ImageIO.framework/Versions/A/Resources/libRadiance.dylib
0x00007ff82113e000 	/System/Library/Frameworks/ImageIO.framework/Versions/A/Resources/libJPEG.dylib
0x00007ff82108a000 	/System/Library/Frameworks/ImageIO.framework/Versions/A/Resources/libPng.dylib
0x00007ff8210ab000 	/System/Library/Frameworks/ImageIO.framework/Versions/A/Resources/libTIFF.dylib
0x00007ff82119e000 	/System/Library/Frameworks/ImageIO.framework/Versions/A/Resources/libGIF.dylib
0x00007ff8209c4000 	/System/Library/Frameworks/ImageIO.framework/Versions/A/Resources/libJP2.dylib
0x00007ff8200ff000 	/usr/lib/libexpat.1.dylib
0x00007ff820979000 	/System/Library/PrivateFrameworks/AppleJPEG.framework/Versions/A/AppleJPEG
0x00007ff82112e000 	/System/Library/PrivateFrameworks/GPUWrangler.framework/Versions/A/GPUWrangler
0x00007ff821112000 	/System/Library/PrivateFrameworks/IOPresentment.framework/Versions/A/IOPresentment
0x00007ff821138000 	/System/Library/PrivateFrameworks/DSExternalDisplay.framework/Versions/A/DSExternalDisplay
0x00007ffa2d4b4000 	/System/Library/Frameworks/OpenGL.framework/Versions/A/Libraries/libCoreFSCache.dylib
0x00007ffb1a589000 	/System/Library/PrivateFrameworks/GPUCompiler.framework/Versions/31001/Libraries/libGPUCompilerUtils.dylib
0x00007ff8211a3000 	/System/Library/PrivateFrameworks/CMCaptureCore.framework/Versions/A/CMCaptureCore
0x00007ff8206ba000 	/usr/lib/libspindump.dylib
0x00007ff815fec000 	/System/Library/Frameworks/CoreAudio.framework/Versions/A/CoreAudio
0x00007ff8206a8000 	/System/Library/PrivateFrameworks/AppServerSupport.framework/Versions/A/AppServerSupport
0x00007ff822971000 	/System/Library/PrivateFrameworks/perfdata.framework/Versions/A/perfdata
0x00007ff815b6f000 	/System/Library/PrivateFrameworks/AudioToolboxCore.framework/Versions/A/AudioToolboxCore
0x00007ff81d1be000 	/System/Library/PrivateFrameworks/caulk.framework/Versions/A/caulk
0x00007ff822283000 	/usr/lib/libAudioStatistics.dylib
0x00007ff919f77000 	/System/Library/PrivateFrameworks/SystemPolicy.framework/Versions/A/SystemPolicy
0x00007ff8224de000 	/usr/lib/libSMC.dylib
0x00007ff82b419000 	/System/Library/Frameworks/CoreMIDI.framework/Versions/A/CoreMIDI
0x00007ff821059000 	/usr/lib/libAudioToolboxUtility.dylib
0x00007ff916197000 	/System/Library/PrivateFrameworks/OSAServicesClient.framework/Versions/A/OSAServicesClient
0x00007ff82297e000 	/usr/lib/libperfcheck.dylib
0x00007ff91aa28000 	/usr/lib/libmis.dylib
0x00007ffa2d4c0000 	/System/Library/Frameworks/OpenGL.framework/Versions/A/OpenGL
0x00007ffa2d50f000 	/System/Library/Frameworks/OpenGL.framework/Versions/A/Libraries/libGLU.dylib
0x00007ffa2d4d3000 	/System/Library/Frameworks/OpenGL.framework/Versions/A/Libraries/libGFXShared.dylib
0x00007ffa2d6dc000 	/System/Library/Frameworks/OpenGL.framework/Versions/A/Libraries/libGL.dylib
0x00007ffa2d4dc000 	/System/Library/Frameworks/OpenGL.framework/Versions/A/Libraries/libGLImage.dylib
0x00007ffa2d4d0000 	/System/Library/Frameworks/OpenGL.framework/Versions/A/Libraries/libCVMSPluginSupport.dylib
0x00007ffa2d4bb000 	/System/Library/Frameworks/OpenGL.framework/Versions/A/Libraries/libCoreVMClient.dylib
0x00007ff81dd2a000 	/System/Library/Frameworks/MetalPerformanceShaders.framework/Versions/A/Frameworks/MPSCore.framework/Versions/A/MPSCore
0x00007ff81f0ec000 	/System/Library/Frameworks/MetalPerformanceShaders.framework/Versions/A/Frameworks/MPSImage.framework/Versions/A/MPSImage
0x00007ff81eb92000 	/System/Library/Frameworks/MetalPerformanceShaders.framework/Versions/A/Frameworks/MPSNeuralNetwork.framework/Versions/A/MPSNeuralNetwork
0x00007ff81f006000 	/System/Library/Frameworks/MetalPerformanceShaders.framework/Versions/A/Frameworks/MPSMatrix.framework/Versions/A/MPSMatrix
0x00007ff81edc1000 	/System/Library/Frameworks/MetalPerformanceShaders.framework/Versions/A/Frameworks/MPSRayIntersector.framework/Versions/A/MPSRayIntersector
0x00007ff81f03e000 	/System/Library/Frameworks/MetalPerformanceShaders.framework/Versions/A/Frameworks/MPSNDArray.framework/Versions/A/MPSNDArray
0x00007ffa32f94000 	/System/Library/Frameworks/MetalPerformanceShaders.framework/Versions/A/Frameworks/MPSFunctions.framework/Versions/A/MPSFunctions
0x00007ff814e76000 	/System/Library/PrivateFrameworks/MetalTools.framework/Versions/A/MetalTools
0x00007ff81dda6000 	/System/Library/PrivateFrameworks/AggregateDictionary.framework/Versions/A/AggregateDictionary
0x00007ff81fee1000 	/usr/lib/libIOReport.dylib
0x00007ff81d9a2000 	/System/Library/Frameworks/CoreImage.framework/Versions/A/CoreImage
0x00007ffa2eaeb000 	/System/Library/Frameworks/OpenCL.framework/Versions/A/OpenCL
0x00007ff820246000 	/System/Library/PrivateFrameworks/FaceCore.framework/Versions/A/FaceCore
0x00007ff820237000 	/System/Library/PrivateFrameworks/GraphVisualizer.framework/Versions/A/GraphVisualizer
0x00007ffb1a494000 	/System/Library/PrivateFrameworks/FontServices.framework/Versions/A/FontServices
0x00007ff8182b8000 	/System/Library/Frameworks/UniformTypeIdentifiers.framework/Versions/A/UniformTypeIdentifiers
0x00007ff820660000 	/System/Library/PrivateFrameworks/OTSVG.framework/Versions/A/OTSVG
0x00007ff81bb5f000 	/System/Library/Frameworks/ApplicationServices.framework/Versions/A/Frameworks/ATS.framework/Versions/A/Resources/libFontRegistry.dylib
0x00007ff8206b0000 	/System/Library/PrivateFrameworks/FontServices.framework/libhvf.dylib
0x00007ffb1a495000 	/System/Library/PrivateFrameworks/FontServices.framework/libXTFontStaticRegistryData.dylib
0x00007ff8200af000 	/System/Library/PrivateFrameworks/AppleVA.framework/Versions/A/AppleVA
0x00007ff82116e000 	/System/Library/Frameworks/ApplicationServices.framework/Versions/A/Frameworks/ATSUI.framework/Versions/A/ATSUI
0x00007ff8225be000 	/usr/lib/libcups.2.dylib
0x00007ff82298d000 	/System/Library/Frameworks/Kerberos.framework/Versions/A/Kerberos
0x00007ff82299c000 	/System/Library/Frameworks/GSS.framework/Versions/A/GSS
0x00007ff82230f000 	/usr/lib/libresolv.9.dylib
0x00007ff8206bf000 	/System/Library/PrivateFrameworks/Heimdal.framework/Versions/A/Heimdal
0x00007ff82959c000 	/System/Library/Frameworks/Kerberos.framework/Versions/A/Libraries/libHeimdalProxy.dylib
0x00007ff81aec9000 	/System/Library/Frameworks/Network.framework/Versions/A/Network
0x00007ff82011a000 	/usr/lib/libheimdal-asn1.dylib
0x00007ff8229e7000 	/System/Library/PrivateFrameworks/CommonAuth.framework/Versions/A/CommonAuth
0x00007ff8220d8000 	/System/Library/Frameworks/AudioToolbox.framework/Versions/A/AudioToolbox
0x00007ff822215000 	/System/Library/PrivateFrameworks/AudioSession.framework/Versions/A/AudioSession
0x00007ff8201aa000 	/System/Library/PrivateFrameworks/MediaExperience.framework/Versions/A/MediaExperience
0x00007ff8220a7000 	/System/Library/PrivateFrameworks/AudioSession.framework/libSessionUtility.dylib
0x00007ff82263d000 	/System/Library/PrivateFrameworks/AudioResourceArbitration.framework/Versions/A/AudioResourceArbitration
0x00007ff8266c0000 	/System/Library/PrivateFrameworks/PowerLog.framework/Versions/A/PowerLog
0x00007ff81a6af000 	/System/Library/Frameworks/CoreData.framework/Versions/A/CoreData
0x00007ff82b566000 	/System/Library/Frameworks/Cocoa.framework/Versions/A/Cocoa
0x00007ff817199000 	/System/Library/Frameworks/AppKit.framework/Versions/C/AppKit
0x00007ff818029000 	/System/Library/PrivateFrameworks/UIFoundation.framework/Versions/A/UIFoundation
0x00007ff82544c000 	/System/Library/PrivateFrameworks/RemoteViewServices.framework/Versions/A/RemoteViewServices
0x00007ff81d725000 	/System/Library/PrivateFrameworks/XCTTargetBootstrap.framework/Versions/A/XCTTargetBootstrap
0x00007ff8212e2000 	/System/Library/PrivateFrameworks/InternationalSupport.framework/Versions/A/InternationalSupport
0x00007ff82136c000 	/System/Library/PrivateFrameworks/UserActivity.framework/Versions/A/UserActivity
0x00007ff81d72a000 	/System/Library/PrivateFrameworks/CoreSVG.framework/Versions/A/CoreSVG
0x00007ff820139000 	/System/Library/PrivateFrameworks/IconServices.framework/Versions/A/IconServices
0x00007ff81d711000 	/System/Library/PrivateFrameworks/DFRFoundation.framework/Versions/A/DFRFoundation
0x00007ff8212ee000 	/System/Library/PrivateFrameworks/DataDetectorsCore.framework/Versions/A/DataDetectorsCore
0x00007ff91d7f2000 	/System/Library/PrivateFrameworks/TextInput.framework/Versions/A/TextInput
0x00007ff81d41d000 	/System/Library/Frameworks/Carbon.framework/Versions/A/Frameworks/HIToolbox.framework/Versions/A/HIToolbox
0x00007ff825484000 	/System/Library/Frameworks/Carbon.framework/Versions/A/Frameworks/SpeechRecognition.framework/Versions/A/SpeechRecognition
0x00007ff81bbaa000 	/System/Library/PrivateFrameworks/CoreUI.framework/Versions/A/CoreUI
0x00007ff81bde4000 	/System/Library/PrivateFrameworks/PerformanceAnalysis.framework/Versions/A/PerformanceAnalysis
0x00007ff81ea0e000 	/System/Library/PrivateFrameworks/MobileKeyBag.framework/Versions/A/MobileKeyBag
0x00007ff821215000 	/System/Library/PrivateFrameworks/TextureIO.framework/Versions/A/TextureIO
0x00007ff820123000 	/System/Library/PrivateFrameworks/IconFoundation.framework/Versions/A/IconFoundation
0x00007ff825474000 	/System/Library/PrivateFrameworks/SpeechRecognitionCore.framework/Versions/A/SpeechRecognitionCore
0x0000000104bd3000 	/Users/akbhar/Library/Java/JavaVirtualMachines/openjdk-25.0.2/Contents/Home/lib/server/libjvm.dylib
0x00000001038d0000 	/Users/akbhar/Library/Java/JavaVirtualMachines/openjdk-25.0.2/Contents/Home/lib/libjimage.dylib
0x00000001038ef000 	/Users/akbhar/Library/Java/JavaVirtualMachines/openjdk-25.0.2/Contents/Home/lib/libinstrument.dylib
0x0000000103928000 	/Users/akbhar/Library/Java/JavaVirtualMachines/openjdk-25.0.2/Contents/Home/lib/libjava.dylib
0x0000000104bad000 	/Users/akbhar/Library/Java/JavaVirtualMachines/openjdk-25.0.2/Contents/Home/lib/libzip.dylib
0x0000000104bbc000 	/Users/akbhar/Library/Java/JavaVirtualMachines/openjdk-25.0.2/Contents/Home/lib/libnio.dylib
0x0000000109f5a000 	/Users/akbhar/Library/Java/JavaVirtualMachines/openjdk-25.0.2/Contents/Home/lib/libnet.dylib
0x0000000103919000 	/Users/akbhar/Library/Java/JavaVirtualMachines/openjdk-25.0.2/Contents/Home/lib/libextnet.dylib
0x000000010a006000 	/Users/akbhar/Library/Java/JavaVirtualMachines/openjdk-25.0.2/Contents/Home/lib/libawt.dylib
0x00007ffa32efd000 	/System/Library/Frameworks/JavaRuntimeSupport.framework/Versions/A/JavaRuntimeSupport
0x00007ff919a9b000 	/System/Library/Frameworks/Carbon.framework/Versions/A/Carbon
0x00007ff82793b000 	/System/Library/PrivateFrameworks/CoreSymbolication.framework/Versions/A/CoreSymbolication
0x00007ff82cee0000 	/System/Library/Frameworks/Carbon.framework/Versions/A/Frameworks/CommonPanels.framework/Versions/A/CommonPanels
0x00007ff828f71000 	/System/Library/Frameworks/Carbon.framework/Versions/A/Frameworks/Help.framework/Versions/A/Help
0x00007ff82cee4000 	/System/Library/Frameworks/Carbon.framework/Versions/A/Frameworks/ImageCapture.framework/Versions/A/ImageCapture
0x00007ff82ceb4000 	/System/Library/Frameworks/Carbon.framework/Versions/A/Frameworks/OpenScripting.framework/Versions/A/OpenScripting
0x00007ff82cedc000 	/System/Library/Frameworks/Carbon.framework/Versions/A/Frameworks/Ink.framework/Versions/A/Ink
0x00007ff919a97000 	/System/Library/Frameworks/Carbon.framework/Versions/A/Frameworks/Print.framework/Versions/A/Print
0x00007ff82ced8000 	/System/Library/Frameworks/Carbon.framework/Versions/A/Frameworks/SecurityHI.framework/Versions/A/SecurityHI
0x00007ff827900000 	/System/Library/PrivateFrameworks/DebugSymbols.framework/Versions/A/DebugSymbols
0x000000010a1ec000 	/Users/akbhar/Library/Java/JavaVirtualMachines/openjdk-25.0.2/Contents/Home/lib/libawt_lwawt.dylib
0x0000000109f94000 	/Users/akbhar/Library/Java/JavaVirtualMachines/openjdk-25.0.2/Contents/Home/lib/libosxapp.dylib
0x00007ff918d65000 	/System/Library/Frameworks/ExceptionHandling.framework/Versions/A/ExceptionHandling
0x000000010a46e000 	/Users/akbhar/Library/Java/JavaVirtualMachines/openjdk-25.0.2/Contents/Home/lib/libfontmanager.dylib
0x000000010a31b000 	/Users/akbhar/Library/Java/JavaVirtualMachines/openjdk-25.0.2/Contents/Home/lib/libfreetype.dylib
0x00007ff817007000 	/System/Library/PrivateFrameworks/CoreServicesInternal.framework/Versions/A/CoreServicesInternal
0x00007ff826cb1000 	/System/Library/Frameworks/FileProvider.framework/Versions/A/FileProvider
0x00007ff81acac000 	/System/Library/Frameworks/Accounts.framework/Versions/A/Accounts
0x00007ff826e2a000 	/System/Library/PrivateFrameworks/GenerationalStorage.framework/Versions/A/GenerationalStorage
0x00007ff8266b5000 	/System/Library/PrivateFrameworks/SymptomDiagnosticReporter.framework/Versions/A/SymptomDiagnosticReporter
0x00007ff8182cc000 	/System/Library/PrivateFrameworks/DesktopServicesPriv.framework/Versions/A/DesktopServicesPriv
0x00007ff81714a000 	/usr/lib/libsandbox.1.dylib
0x00007ff81bff8000 	/System/Library/PrivateFrameworks/UserManagement.framework/Versions/A/UserManagement
0x00007ff82261e000 	/System/Library/PrivateFrameworks/NetAuth.framework/Versions/A/NetAuth
0x00007ff82352d000 	/System/Library/PrivateFrameworks/Sharing.framework/Versions/A/Sharing
0x00007ff81bfcb000 	/System/Library/PrivateFrameworks/login.framework/Versions/A/Frameworks/loginsupport.framework/Versions/A/loginsupport
0x00007ff828a9f000 	/System/Library/PrivateFrameworks/Apple80211.framework/Versions/A/Apple80211
0x00007ff81f1d1000 	/System/Library/PrivateFrameworks/AuthKit.framework/Versions/A/AuthKit
0x00007ff81e826000 	/System/Library/PrivateFrameworks/CoreUtils.framework/Versions/A/CoreUtils
0x00007ff81e74d000 	/System/Library/Frameworks/CoreWLAN.framework/Versions/A/CoreWLAN
0x00007ff82368c000 	/System/Library/Frameworks/IOBluetooth.framework/Versions/A/IOBluetooth
0x00007ff828b07000 	/System/Library/PrivateFrameworks/CoreWiFi.framework/Versions/A/CoreWiFi
0x00007ff8274d4000 	/System/Library/PrivateFrameworks/FrontBoardServices.framework/Versions/A/FrontBoardServices
0x00007ff827565000 	/System/Library/PrivateFrameworks/BoardServices.framework/Versions/A/BoardServices
0x00007ff81ea35000 	/System/Library/PrivateFrameworks/AssertionServices.framework/Versions/A/AssertionServices
0x00007ff828c8a000 	/System/Library/PrivateFrameworks/BackBoardServices.framework/Versions/A/BackBoardServices
0x00007ff822a78000 	/System/Library/PrivateFrameworks/CorePhoneNumbers.framework/Versions/A/CorePhoneNumbers
0x00007ff82233c000 	/System/Library/PrivateFrameworks/MultiverseSupport.framework/Versions/A/MultiverseSupport
0x00007ff828efe000 	/System/Library/PrivateFrameworks/RemoteServiceDiscovery.framework/Versions/A/RemoteServiceDiscovery
0x00007ff8267d2000 	/System/Library/PrivateFrameworks/DiskManagement.framework/Versions/A/DiskManagement
0x00007ff8266e6000 	/System/Library/PrivateFrameworks/AppleIDAuthSupport.framework/Versions/A/AppleIDAuthSupport
0x00007ffb14e10000 	/System/Library/PrivateFrameworks/AAAFoundation.framework/Versions/A/AAAFoundation
0x00007ff822a59000 	/System/Library/PrivateFrameworks/KeychainCircle.framework/Versions/A/KeychainCircle
0x00007ff828f0e000 	/System/Library/PrivateFrameworks/RemoteXPC.framework/Versions/A/RemoteXPC
0x00007ff82679e000 	/System/Library/PrivateFrameworks/MediaKit.framework/Versions/A/MediaKit
0x00007ff8266f2000 	/System/Library/Frameworks/DiscRecording.framework/Versions/A/DiscRecording
0x00007ff820027000 	/usr/lib/libCoreStorage.dylib
0x00007ff828f79000 	/usr/lib/libcsfde.dylib
0x00007ff823759000 	/System/Library/PrivateFrameworks/ProtectedCloudStorage.framework/Versions/A/ProtectedCloudStorage
0x00007ff828f75000 	/System/Library/PrivateFrameworks/EFILogin.framework/Versions/A/EFILogin
0x00007ff826e50000 	/System/Library/PrivateFrameworks/OctagonTrust.framework/Versions/A/OctagonTrust
0x00007ffb196f8000 	/System/Library/PrivateFrameworks/CoreUtilsExtras.framework/Versions/A/CoreUtilsExtras
0x00007ff826619000 	/System/Library/Frameworks/CoreBluetooth.framework/Versions/A/CoreBluetooth
0x00007ff829621000 	/System/Library/Frameworks/AudioUnit.framework/Versions/A/AudioUnit
0x00007ff82001f000 	/usr/lib/libMatch.1.dylib
0x00007ff921828000 	/System/Library/CoreServices/RawCamera.bundle/Contents/MacOS/RawCamera
0x00007ff8229f7000 	/System/Library/PrivateFrameworks/MobileAsset.framework/Versions/A/MobileAsset
0x00007ff829648000 	/System/Library/PrivateFrameworks/StreamingZip.framework/Versions/A/StreamingZip
0x00007ffb169ec000 	/System/Library/PrivateFrameworks/CMPhoto.framework/Versions/A/CMPhoto
0x00007ff8277d6000 	/System/Library/PrivateFrameworks/AppleVPA.framework/Versions/A/AppleVPA
0x00007ff8213d7000 	/System/Library/Frameworks/MediaToolbox.framework/Versions/A/MediaToolbox
0x00007ff826c81000 	/System/Library/PrivateFrameworks/CoreAVCHD.framework/Versions/A/CoreAVCHD
0x00007ff825b56000 	/System/Library/Frameworks/MediaAccessibility.framework/Versions/A/MediaAccessibility
0x00007ff826c7d000 	/System/Library/PrivateFrameworks/Mangrove.framework/Versions/A/Mangrove
0x00007ff825b61000 	/System/Library/PrivateFrameworks/AlgosScoreFramework.framework/Versions/A/AlgosScoreFramework
0x00007ff8268c2000 	/System/Library/PrivateFrameworks/CoreAUC.framework/Versions/A/CoreAUC
0x00007ff91f051000 	/System/Library/Frameworks/Accelerate.framework/Versions/A/Frameworks/vImage.framework/Versions/A/Libraries/libCGInterfaces.dylib
0x000000010a444000 	/usr/lib/libobjc-trampolines.dylib
0x00007ff81bcf0000 	/System/Library/PrivateFrameworks/ViewBridge.framework/Versions/A/ViewBridge
0x00007ffa248c0000 	/System/Library/Extensions/AppleIntelBDWGraphicsMTLDriver.bundle/Contents/MacOS/AppleIntelBDWGraphicsMTLDriver
0x00007ff91aa43000 	/System/Library/PrivateFrameworks/GPURawCounter.framework/Versions/A/GPURawCounter
0x000000010a45c000 	/Users/akbhar/Library/Java/JavaVirtualMachines/openjdk-25.0.2/Contents/Home/lib/libosxui.dylib
0x000000010a42e000 	/Users/akbhar/Library/Java/JavaVirtualMachines/openjdk-25.0.2/Contents/Home/lib/libmanagement.dylib
0x000000010b834000 	/Users/akbhar/Library/Java/JavaVirtualMachines/openjdk-25.0.2/Contents/Home/lib/libmanagement_ext.dylib
0x000000010b853000 	/Users/akbhar/Library/Java/JavaVirtualMachines/openjdk-25.0.2/Contents/Home/lib/libverify.dylib
0x00007ff820777000 	/System/Library/PrivateFrameworks/login.framework/Versions/A/login

JVMTI agents:
/Applications/IntelliJ IDEA.app/Contents/lib/idea_rt.jar path:none, loaded, initialized, instrumentlib options:49944


VM Arguments:
jvm_args: -javaagent:/Applications/IntelliJ IDEA.app/Contents/lib/idea_rt.jar=49944 -Dfile.encoding=UTF-8 -Dsun.stdout.encoding=UTF-8 -Dsun.stderr.encoding=UTF-8 
java_command: MainMenu
java_class_path (initial): /Users/akbhar/Documents/GitHub/cinema_java/out/production/cinema_java:/Users/akbhar/Documents/GitHub/cinema_java/lombok.jar:/Users/akbhar/Documents/GitHub/cinema_java/commons-lang3-3.0.jar:/Users/akbhar/Documents/GitHub/cinema_java/postgresql-42.7.4.jar
Launcher Type: SUN_STANDARD

[Global flags]
     intx CICompilerCount                          = 3                                         {product} {ergonomic}
     uint ConcGCThreads                            = 1                                         {product} {ergonomic}
     uint G1ConcRefinementThreads                  = 4                                         {product} {ergonomic}
   size_t G1HeapRegionSize                         = 2097152                                   {product} {ergonomic}
   size_t InitialHeapSize                          = 268435456                                 {product} {ergonomic}
   size_t MarkStackSize                            = 4194304                                   {product} {ergonomic}
   size_t MarkStackSizeMax                         = 536870912                                 {product} {ergonomic}
   size_t MaxHeapSize                              = 4294967296                                {product} {ergonomic}
   size_t MaxNewSize                               = 2575302656                                {product} {ergonomic}
   size_t MinHeapDeltaBytes                        = 2097152                                   {product} {ergonomic}
   size_t MinHeapSize                              = 8388608                                   {product} {ergonomic}
    uintx NonNMethodCodeHeapSize                   = 5832704                                {pd product} {ergonomic}
    uintx NonProfiledCodeHeapSize                  = 122916864                              {pd product} {ergonomic}
    uintx ProfiledCodeHeapSize                     = 122908672                              {pd product} {ergonomic}
    uintx ReservedCodeCacheSize                    = 251658240                              {pd product} {ergonomic}
     bool SegmentedCodeCache                       = true                                      {product} {ergonomic}
   size_t SoftMaxHeapSize                          = 4294967296                             {manageable} {ergonomic}
     bool UseCompressedOops                        = true                           {product lp64_product} {ergonomic}
     bool UseG1GC                                  = true                                      {product} {ergonomic}
     bool UseNUMA                                  = false                                     {product} {ergonomic}
     bool UseNUMAInterleaving                      = false                                     {product} {ergonomic}

Logging:
Log output configuration:
 #0: stdout all=warning uptime,level,tags foldmultilines=false
 #1: stderr all=off uptime,level,tags foldmultilines=false

Release file:
IMPLEMENTOR="Oracle Corporation"
JAVA_RUNTIME_VERSION="25.0.2+10-69"
JAVA_VERSION="25.0.2"
JAVA_VERSION_DATE="2026-01-20"
LIBC="default"
MODULES="java.base java.compiler java.datatransfer java.xml java.prefs java.desktop java.instrument java.logging java.management java.security.sasl java.naming java.rmi java.management.rmi java.net.http java.scripting java.security.jgss java.transaction.xa java.sql java.sql.rowset java.xml.crypto java.se java.smartcardio jdk.accessibility jdk.internal.jvmstat jdk.attach jdk.charsets jdk.internal.opt jdk.zipfs jdk.compiler jdk.crypto.cryptoki jdk.crypto.ec jdk.dynalink jdk.internal.ed jdk.editpad jdk.internal.vm.ci jdk.graal.compiler jdk.graal.compiler.management jdk.hotspot.agent jdk.httpserver jdk.incubator.vector jdk.internal.le jdk.internal.md jdk.jartool jdk.javadoc jdk.jcmd jdk.management jdk.management.agent jdk.jconsole jdk.jdeps jdk.jdwp.agent jdk.jdi jdk.jfr jdk.jlink jdk.jpackage jdk.jshell jdk.jsobject jdk.jstatd jdk.localedata jdk.management.jfr jdk.naming.dns jdk.naming.rmi jdk.net jdk.nio.mapmode jdk.sctp jdk.security.auth jdk.security.jgss jdk.unsupported jdk.unsupported.desktop jdk.xml.dom"
OS_ARCH="x86_64"
OS_NAME="Darwin"
SOURCE=".:git:405a5699ebd0"

Environment Variables:
PATH=/usr/local/bin:/usr/bin:/bin:/usr/sbin:/sbin
SHELL=/bin/zsh
LC_CTYPE=en_GB.UTF-8
TMPDIR=/var/folders/29/nd94b4xx4qlf7r6f4ngkf6yr0000gn/T/

Active Locale:
LC_ALL=C/en_GB.UTF-8/C/C/C/C
LC_COLLATE=C
LC_CTYPE=en_GB.UTF-8
LC_MESSAGES=C
LC_MONETARY=C
LC_NUMERIC=C
LC_TIME=C

Signal Handlers:
   SIGSEGV: crash_handler in libjvm.dylib, mask=11100110000111110111111111111111, flags=SA_ONSTACK|SA_RESTART|SA_SIGINFO, unblocked
    SIGBUS: crash_handler in libjvm.dylib, mask=11100110000111110111111111111111, flags=SA_RESTART|SA_SIGINFO, unblocked
    SIGFPE: crash_handler in libjvm.dylib, mask=11100110000111110111111111111111, flags=SA_RESTART|SA_SIGINFO, unblocked
   SIGPIPE: javaSignalHandler in libjvm.dylib, mask=11100110000111110111111111111111, flags=SA_RESTART|SA_SIGINFO, blocked
   SIGXFSZ: javaSignalHandler in libjvm.dylib, mask=11100110000111110111111111111111, flags=SA_RESTART|SA_SIGINFO, blocked
    SIGILL: crash_handler in libjvm.dylib, mask=11100110000111110111111111111111, flags=SA_RESTART|SA_SIGINFO, unblocked
   SIGUSR2: SR_handler in libjvm.dylib, mask=00000000000000000000000000000000, flags=SA_RESTART|SA_SIGINFO, blocked
    SIGHUP: UserHandler in libjvm.dylib, mask=11100110000111110111111111111111, flags=SA_RESTART|SA_SIGINFO, blocked
    SIGINT: UserHandler in libjvm.dylib, mask=11100110000111110111111111111111, flags=SA_RESTART|SA_SIGINFO, blocked
   SIGTERM: UserHandler in libjvm.dylib, mask=11100110000111110111111111111111, flags=SA_RESTART|SA_SIGINFO, blocked
   SIGQUIT: UserHandler in libjvm.dylib, mask=11100110000111110111111111111111, flags=SA_RESTART|SA_SIGINFO, blocked
   SIGTRAP: crash_handler in libjvm.dylib, mask=11100110000111110111111111111111, flags=SA_RESTART|SA_SIGINFO, unblocked


Compilation memory statistics disabled.

Periodic native trim disabled

---------------  S Y S T E M  ---------------

OS:
uname: Darwin 21.6.0 Darwin Kernel Version 21.6.0: Mon Jun 24 00:56:10 PDT 2024; root:xnu-8020.240.18.709.2~1/RELEASE_X86_64 x86_64
OS uptime: 0 days 2:56 hours
rlimit (soft/hard): STACK 8192k/65532k , CORE 0k/infinity , NPROC 2784/4176 , NOFILE 1048576/infinity , AS infinity/infinity , CPU infinity/infinity , DATA infinity/infinity , FSIZE infinity/infinity , MEMLOCK infinity/infinity , RSS infinity/infinity
load average: 5.51 5.01 3.90

CPU: total 4 (initial active 4) (2 cores per cpu, 2 threads per core) family 6 model 61 stepping 4 microcode 0x2f, cx8, cmov, fxsr, ht, mmx, 3dnowpref, sse, sse2, sse3, ssse3, sse4.1, sse4.2, popcnt, lzcnt, tsc, tscinvbit, avx, avx2, aes, erms, clmul, bmi1, bmi2, adx, fma, vzeroupper, clflush, rdtscp, f16c
machdep.cpu.brand_string:Intel(R) Core(TM) i7-5557U CPU @ 3.10GHz
hw.cpufrequency:3100000000
hw.cpufrequency_min:3100000000
hw.cpufrequency_max:3100000000
hw.cachelinesize:64
hw.l1icachesize:32768
hw.l1dcachesize:32768
hw.l2cachesize:262144
hw.l3cachesize:4194304

Memory: 4k page, physical 16777216k(2835800k free), swap 0k(0k free)

vm_info: OpenJDK 64-Bit Server VM (25.0.2+10-69) for bsd-amd64 JRE (25.0.2+10-69), built on 2025-12-18T11:36:35Z with clang Apple LLVM 15.0.0 (clang-1500.3.9.4)

END.
